r   27
r   31c
r   77
r   1b3
r   208
r   2ea
r   2d40
r   246
r   248
r   32a
r   c9
r   3
r   212
r   37b
r   35a
r   cc
r   6b
r   18b
r   148
r   8e
r   b9
r   1b5
r   297
r   114
r   178
r   28c
r   e9
r   317
r   178
r   317
r   67
r   b9
r   24b5
r   3a4
r   375
r   3c
r   86
r   e
r   3e3
r   8
r   72
r   f6
r   2a7
r   344
r   3d6
r   3aa
r   145
r   6a
r   34a
r   1c5
r   3db
r   131
r   c5
r   cd
r   199
r   8a
r   b
r   238
r   3df
r   346
r   3d3
r   37d
r   3d
r   c0
r   186
r   3d8
r   35f
r   353
r   138
r   3bc
r   26d
r   f6
r   b8
r   1b
r   113
r   354
r   3e1
r   106
r   61
r   297
r   325
r   d8
r   280
r   51
r   33b
r   2a2
r   344
r   311
r   1b7
r   383
r   2a6
r   2a0
r   351
r   4e
r   2e5
r   89
r   2e4
r   237
r   7d
r   22ad
r   3b8
r   167
r   242
r   21a
r   258f
r   15e
r   1e9
r   2519
r   a1
r   1fa
r   1e2
r   bd
r   3ad
r   29c
r   6
r   304
r   56
r   2ec
r   1dd
r   1ad
r   274
r   2ce
r   155
r   1e8
r   1f6
r   12e
r   97
r   391
r   11a
r   5b
r   14e
r   287
r   3ac
r   23a
r   49
r   89
r   cc
r   ec
r   131
r   2f0
r   47
r   91
r   259
r   2e52
r   373
r   2f6
r   2a6
r   20c
r   2b61
r   10f
r   2ab
r   174
r   2abf
r   240
r   3db
r   14c
r   241
r   2d9f
r   3d7
r   3d
r   2f
r   334
r   345
r   1a5
r   23c
r   4c
r   254
r   21d
r   211b
r   284
r   136
r   49
r   2f
r   87
r   3da
r   253
r   20c
r   5f
r   360
r   2b0
r   2cc
r   1c8
r   35c
r   1c5
r   cb
r   30c
r   50
r   1fc
r   2b28
r   3e4
r   c3
r   3c2
r   27cd
r   3dd
r   109
r   3c
r   371
r   d9
r   28
r   100
r   3c1
r   3ae
r   145
r   3b3
r   357
r   b5
r   15e
r   217
r   2e44
r   20c
r   395
r   247e
r   de
r   276
r   12c
r   dd
r   204
r   170
r   114
r   ba
r   e6
r   2db
r   3c6
r   1a2
r   25e
r   22da
r   2b7
r   1cc
r   392
r   33c
r   2d3
r   117
r   f
r   160
r   1bb
r   16c
r   273
r   65
r   1ac
r   1ca
r   1ed
r   23f4
r   bc
r   1d9
r   1e6
r   d6
r   26c
r   337
r   50
r   27a4
r   103
r   2c1
r   323
r   55
r   2d4
r   90
r   93
r   2fe
r   339
r   150
r   b0
r   1a9
r   22d
r   2768
r   a1
r   376
r   33e
r   ae
r   1da
r   f2
r   246
r   e3
r   25e
r   eb
r   22b2
r   39d
r   385
r   2e7
r   20e
r   2879
r   1a6
r   5c
r   2cd2
r   112
r   1c8
r   25e6
r   13b
r   251
r   30e
r   2ce
r   22ad
r   131
r   255f
r   e6
r   275
r   70
r   d3
r   33d
r   e2
r   3e6
r   224
r   13d
r   bf
r   12f
r   ea
r   25e
r   b1
r   261
r   2013
r   bf
r   288
r   23d
r   317
r   89
r   395
r   7e
r   3c0
r   21bf
r   3ac
r   1b0
r   1e8
r   180
r   142
r   5a
r   28e
r   33a
r   6d
r   28
r   c5
r   38a
r   0
r   2af4
r   82
r   3c4
r   112
r   169
r   1fc
r   25e
r   35
r   2575
r   2b0
r   35a
r   3e1
r   399
r   2e0
r   75
r   31d
r   10
r   f7
r   2b66
r   b0
r   24a
r   34f
r   395
r   2f1
r   146
r   293
r   168
r   c6
r   1c0
r   2ff
r   2bd
r   2cc
r   2852
r   13d
r   1e1
r   3b1
r   ad
r   131
r   2ac1
r   6e
r   4c
r   e4
r   3e1
r   266
r   26c
r   7f
r   14d
r   1f5
r   15e
r   2ce
r   1d1
r   1a0
r   1df
r   244
r   165
r   b1
r   b7
r   368
r   159
r   2cf
r   fc
r   2c1
r   1a
r   27a
r   21e
r   34f
r   b
r   11a
r   24c3
r   35e
r   240
r   1d7
r   1b8
r   372
r   39d
r   2a7f
r   f3
r   375
r   38e
r   35a
r   27f
r   25a
r   198
r   1c5
r   1c7
r   389
r   f9
r   dc
r   25a
r   234d
r   23a
r   395
r   3c9
r   1ee
r   99
r   7f
r   2be4
r   210
r   ea
r   269
r   14c
r   2c9
r   336
r   2f0
r   115
r   c3
r   275
r   188
r   f2
r   2dd
r   313
r   23de
r   345
r   367
r   301
r   32a
r   34c
r   36a
r   2c1
r   379
r   1d2
r   286
r   241
r   14d
r   a1
r   384
r   2f3
r   f
r   116
r   8a
r   2ee
r   d1
r   33f
r   2db
r   270
r   154
r   239
r   20
r   102
r   139
r   14c
r   31c
r   25d
r   2e0
r   191
r   27a
r   336
r   1c1
r   117
r   24de
r   ff
r   3aa
r   4a
r   2da
r   217
r   376
r   84
r   66
r   199
r   133
r   12
r   116
r   2c4
r   3ca
r   69
r   138
r   2e48
r   fb
r   53
r   315
r   19f
r   21d
r   171
r   b0
r   2f2
r   3b8
r   a4
r   1d
r   221
r   290
r   3c0
r   39c
r   20a7
r   af
r   25a
r   209
r   1d6
r   97
r   1df
r   47
r   25b
r   4b
r   17d
r   17f
r   1ca
r   4a
r   c6
r   15a
r   69
r   fa
r   240
r   3c5
r   371
r   3ad
r   3c6
r   343
r   246
r   113
r   b0
r   17d
r   380
r   198
r   189
r   13d
r   273
r   ce
r   2b2
r   3b9
r   3e0
r   27b
r   2264
r   1d6
r   260a
r   2dd
r   1fd
r   a6
r   f8
r   32
r   d5
r   73
r   2cde
r   5e
r   1f4
r   21eb
r   18
r   19e
r   22a
r   2a7
r   367
r   40
r   1a2
r   362
r   a8
r   15f
r   2d93
r   234
r   3ae
r   135
r   37f
r   26
r   219
r   98
r   384
r   249
r   48
r   1e3
r   10a
r   f8
r   3a1
r   22a
r   21d
r   2362
r   343
r   af
r   32b
r   106
r   e2
r   2bd
r   35d
r   1a5
r   2cfe
r   10d
r   2c4
r   36c
r   2e2
r   16
r   291
r   72
r   2ef
r   2032
r   3cf
r   2e2
r   186
r   34e
r   320
r   159
r   153
r   1ea
r   54
r   2ab
r   2844
r   349
r   2f9
r   2aa
r   15
r   38a
r   2f9
r   201
r   1ea
r   2c7e
r   11d
r   389
r   cc
r   7
r   194
r   1a8
r   1e3
r   118
r   28e
r   3a4
r   97
r   313
r   7f
r   58
r   2d9
r   2a75
r   e
r   3a6
r   328
r   4
r   3a7
r   3d7
r   11a
r   28f
r   212
r   1d0
r   3a9
r   c7
r   135
r   130
r   2717
r   39e
r   33e
r   26d8
r   33b
r   11b
r   382
r   3d7
r   12a
r   6e
r   31e
r   2443
r   106
r   17d
r   25c
r   69
r   385
r   d2
r   19f
r   2935
r   207
r   30
r   2f3
r   2d6
r   b4
r   165
r   2e61
r   9b
r   305
r   2af
r   235
r   2ef
r   25
r   26c
r   33f
r   27f
r   2b5b
r   d3
r   3e
r   377
r   2809
r   1a3
r   19e
r   c6
r   158
r   2b2
r   1dd
r   17a
r   2276
r   2ff
r   25a
r   2ff
r   2a5e
r   133
r   361
r   3c0
r   1e8
r   f1
r   3c9
r   141
r   3a1
r   34a
r   2ea8
r   29f
r   82
r   d1
r   bb
r   108
r   9a
r   106
r   1e8
r   16d
r   15e
r   28da
r   262
r   112
r   b
r   3b4
r   af
r   2f25
r   2f3
r   1e0
r   1af
r   1e0
r   3ce
r   13f
r   187
r   1c3
r   1e0
r   116
r   2fb
r   23fc
r   2e
r   23f
r   3da
r   18e
r   35a
r   2a88
r   ae
r   2cc
r   19c
r   23e2
r   2db
r   2e1
r   2da
r   172
r   1dc
r   3e7
r   1e8
r   1b
r   188
r   32f
r   2a15
r   2a1
r   115
r   57
r   ce
r   24
r   246
r   122
r   18d
r   34b
r   2b94
r   137
r   d3
r   2e5d
r   24e
r   1a5
r   1f
r   37a
r   3a6
r   25f
r   201
r   e0
r   2ce
r   d8
r   265f
r   265
r   33a
r   a5
r   36d
r   121
r   13e
r   147
r   218
r   205
r   339
r   228
r   2f3d
r   2ce
r   322
r   27d
r   95
r   2f8f
r   15d
r   e5
r   3a8
r   252
r   2cc
r   2db
r   37c
r   3a5
r   234
r   2095
r   74
r   33
r   8c
r   3ce
r   e0
r   18e
r   339
r   314
r   30c
r   27e
r   13a
r   59
r   31b
r   283
r   110
r   39
r   2fe
r   23e
r   13a
r   2ac
r   2948
r   1b2
r   229
r   2ca6
r   255
r   bc
r   301
r   8a
r   d4
r   236
r   349
r   3c1
r   2243
r   2d7
r   1fa
r   19
r   29e
r   87
r   2cc
r   56
r   27e
r   8f
r   3ca
r   16b
r   232
r   2eb
r   2f01
r   3aa
r   5b
r   32a
r   2d7
r   b3
r   332
r   3ce
r   a3
r   169
r   28d
r   3c4
r   215
r   251
r   36d
r   1cc
r   1b2
r   2c0a
r   36d
r   37c
r   2bb
r   233
r   d3
r   a0
r   20d
r   227
r   214
r   137
r   2e3e
r   3d1
r   168
r   3b4
r   cd
r   39b
r   3c3
r   214
r   3b2
r   38f
r   88
r   3e4
r   96
r   20d
r   37
r   1ff
r   11d
r   20c
r   2b7
r   aa
r   38e
r   21c
r   2b4
r   dd
r   2bb5
r   1e4
r   1e6
r   337
r   2a33
r   2bb
r   1cc
r   149
r   114
r   1cc
r   2f7c
r   1fc
r   86
r   217
r   12d
r   26f
r   14f
r   2d3
r   318
r   119
r   16
r   29b
r   160
r   29
r   31
r   88
r   3cb
r   b3
r   195
r   24
r   33c
r   1b1
r   3d1
r   14e
r   46
r   2e1
r   35c
r   9c
r   212
r   378
r   22c
r   85
r   15
r   3d9
r   17b
r   1e6
r   2e1
r   2d2
r   30b
r   bc
r   18
r   285
r   22
r   1c0
r   15e
r   34f
r   2ca
r   8b
r   3e5
r   362
r   352
r   11f
r   26f
r   6
r   1a2
r   3bc
r   1d8
r   2a6
r   2f3
r   46
r   32f
r   2cd
r   3ba
r   3c9
r   14c
r   2a8
r   21c
r   7b
r   149
r   10e
r   144
r   37d
r   33d
r   12e
r   32
r   18a
r   159
r   63
r   213f
r   44
r   28c
r   11c
r   31b
r   136
r   11e
r   3a5
r   1d3
r   117
r   2b5
r   10d
r   225c
r   159
r   336
r   1e8
r   157
r   155
r   1cb
r   247
r   60
r   2134
r   2f7
r   1c4
r   233
r   22d
r   377
r   2ed
r   e8
r   1f6
r   20f
r   61
r   2b48
r   388
r   bb
r   31a
r   2a9a
r   37a
r   17
r   348
r   2d
r   2ea
r   12e
r   38d
r   8e
r   2f5
r   2ee
r   21d
r   1b5
r   1c8
r   3c8
r   4c
r   376
r   2f1
r   13f
r   58
r   15d
r   29f
r   ac
r   2bef
r   13a
r   32c
r   2498
r   321
r   178
r   278
r   368
r   2d1c
r   3b5
r   f2
r   31c
r   24b
r   128
r   5b
r   3cf
r   168
r   96
r   3d6
r   151
r   74
r   2376
r   2c2
r   2ce
r   1dd
r   36f
r   27e5
r   93
r   36d
r   3a
r   26
r   169
r   254
r   111
r   2eb
r   19d
r   19e
r   3d1
r   2b7b
r   356
r   366
r   31d
r   cc
r   380
r   2be7
r   3d6
r   23d
r   2c07
r   11e
r   2a3
r   b
r   6a
r   21b
r   21
r   368
r   2c8
r   198
r   199
r   14c
r   2d8
r   29b6
r   308
r   1a0
r   3a7
r   3db
r   ab
r   2ad
r   1c4
r   345
r   2b1
r   20db
r   2d6
r   129
r   261
r   2b5
r   18
r   369
r   260d
r   314
r   fa
r   1a7
r   18d
r   3a7
r   f4
r   2ab2
r   1b1
r   30b
r   133
r   45
r   281
r   f
r   3cb
r   21cb
r   c5
r   9
r   33d
r   3d
r   c9
r   227
r   f5
r   e4
r   244
r   73
r   3cf
r   2c
r   266
r   12b
r   218e
r   2b3
r   2a23
r   251
r   3a5
r   54
r   17b
r   325
r   284e
r   33
r   162
r   9
r   356
r   15d
r   17d
r   1ba
r   11c
r   ce
r   357
r   398
r   1b7
r   19c
r   4b
r   2e07
r   165
r   282
r   372
r   94
r   24b
r   3be
r   362
r   35a
r   243
r   e8
r   328
r   b3
r   b1
r   384
r   28d
r   22a
r   33e
r   1f6
r   119
r   2cfa
r   364
r   278
r   161
r   8e
r   1fb
r   3c4
r   387
r   129
r   370
r   283
r   211
r   18d
r   308
r   2ea
r   242
r   203
r   374
r   2da
r   4c
r   141
r   13f
r   2bd
r   153
r   3c5
r   36a
r   19e
r   22b
r   3e7
r   1cc
r   20d
r   34d
r   345
r   21c
r   29f
r   90
r   228
r   275
r   2ae
r   23bc
r   28b
r   249e
r   104
r   3a9
r   1d6
r   353
r   2d39
r   2d8
r   e6
r   2486
r   138
r   1ad
r   3d5
r   2a7
r   25
r   29bb
r   2d3
r   2d77
r   2d6
r   275
r   b3
r   35a
r   ce
r   11b
r   315
r   20d
r   72
r   113
r   36c
r   1d5
r   8e
r   237
r   245
r   21b0
r   134
r   3d
r   28f
r   359
r   379
r   3ac
r   2c4
r   2c5
r   2d23
r   383
r   103
r   ce
r   2ab
r   24b
r   14d
r   356
r   33c
r   b2
r   27a
r   2ad
r   18e
r   247
r   298
r   123
r   222
r   3a8
r   13e
r   376
r   1ea
r   3bb
r   3e1
r   3ac
r   8d
r   2001
r   7f
r   2ae
r   2e91
r   282
r   297
r   219
r   3e6
r   1f1
r   f1
r   4d
r   208
r   130
r   5f
r   3de
r   1d7
r   35a
r   262
r   1ff
r   10f
r   1b6
r   a5
r   f1
r   2fb
r   1c1
r   102
r   bb
r   31e
r   3bf
r   8c
r   278
r   88
r   1b5
r   180
r   33f
r   326
r   3ad
r   3b5
r   1e6
r   112
r   1a4
r   32e
r   297
r   1c2
r   359
r   273
r   2f43
r   73
r   2b8
r   44
r   18d
r   1c3
r   11
r   141
r   265
r   b2
r   9e
r   2813
r   75
r   20
r   2034
r   f1
r   20
r   1da
r   300
r   2e81
r   344
r   1cf
r   269
r   119
r   9b
r   2c5
r   b
r   33
r   17d
r   247f
r   19d
r   22c
r   167
r   282a
r   341
r   35a
r   1f9
r   aa
r   137
r   322
r   373
r   309
r   353
r   2b5a
r   fe
r   280
r   45
r   397
r   19c
r   277d
r   1f7
r   164
r   1d3
r   70
r   b5
r   309
r   16f
r   126
r   135
r   27c
r   67
r   cf
r   26f
r   1f4
r   2401
r   83
r   370
r   e1
r   19e
r   3a
r   26c
r   215
r   c9
r   25a
r   ce
r   14e
r   22a
r   3d5
r   1ff
r   27c
r   144
r   274
r   42
r   1f6
r   125
r   ed
r   2eb
r   23e
r   13
r   286
r   14c
r   160
r   dd
r   176
r   3d8
r   34c
r   342
r   360
r   1f
r   56
r   278
r   125
r   31d
r   1f
r   2ec
r   2aba
r   1b0
r   1c2
r   2f60
r   1e8
r   29d
r   70
r   30c
r   2b
r   227
r   2cb
r   2ee
r   298
r   30e
r   107
r   3d6
r   c4
r   2aeb
r   38f
r   331
r   13
r   365
r   1e
r   26f
r   82
r   370
r   2af
r   2cea
r   2e2
r   2bd
r   2bc
r   2af
r   2a7
r   72
r   92
r   3e4
r   10
r   d6
r   3b1
r   342
r   1af
r   35a
r   34d
r   2125
r   247
r   15b
r   13
r   8f
r   2b7
r   a7
r   20c
r   dd
r   29e5
r   88
r   2e9
r   182
r   3b
r   59
r   9d
r   15e
r   de
r   95
r   150
r   ae
r   35c
r   38c
r   30d
r   3bb
r   137
r   57
r   36c
r   2b3
r   3e3
r   cc
r   303
r   3ba
r   df
r   18
r   10d
r   2a5c
r   1e1
r   391
r   eb
r   2209
r   ee
r   13c
r   71
r   97
r   1df
r   122
r   28a
r   3ae
r   37
r   3d
r   1ad
r   3d5
r   203
r   15b
r   17
r   3bb
r   2e7
r   123
r   1d0
r   d
r   125
r   14b
r   16d
r   385
r   318
r   cb
r   3e4
r   7
r   143
r   3b0
r   60
r   138
r   ab
r   18f
r   2ee
r   11a
r   44
r   154
r   f0
r   38d
r   38b
r   3bd
r   0
r   76
r   29f
r   176
r   3c2
r   136
r   282
r   338
r   33b
r   314
r   48
r   2021
r   298
r   3ae
r   3d4
r   6
r   2f7
r   161
r   3e2
r   32a
r   52
r   308
r   1ea
r   2e7
r   299
r   177
r   272
r   3b2
r   2cd1
r   f0
r   106
r   2b9
r   2f7
r   22b
r   e
r   4
r   2f5
r   101
r   2b7
r   1a3
r   1d1
r   a
r   2e0e
r   da
r   379
r   10c
r   2459
r   394
r   13b
r   129
r   24c5
r   137
r   242
r   28e
r   31
r   2d96
r   350
r   71
r   49
r   2b
r   155
r   391
r   154
r   132
r   7a
r   27b
r   c3
r   52
r   1b2
r   2ea
r   39b
r   30
r   371
r   1b5
r   11c
r   3d2
r   388
r   a9
r   58
r   354
r   320
r   14d
r   2b8
r   57
r   122
r   2bc
r   265
r   2b2
r   38d
r   321
r   138
r   20a
r   2d7
r   32d
r   207
r   2da
r   1f9
r   13b
r   33f
r   24
r   24c
r   28
r   bc
r   190
r   231
r   282
r   2ac
r   1bb
r   cf
r   3a3
r   112
r   2e
r   4c
r   25
r   1d3
r   17e
r   201
r   3c1
r   358
r   96
r   392
r   3e3
r   2294
r   316
r   364
r   285
r   2a1
r   3e0
r   2de
r   c3
r   20d
r   2948
r   3a4
r   96
r   bb
r   25e
r   80
r   21e2
r   7b
r   8f
r   b9
r   139
r   3bd
r   1e8
r   1f0
r   167
r   d9
r   297
r   331
r   2e8
r   151
r   29d
r   e6
r   1fd
r   c
r   26c
r   f
r   2db
r   26f
r   273
r   92
r   202
r   df
r   134
r   147
r   1c6
r   1fb
r   2b3
r   11
r   1bb
r   cd
r   11b
r   34
r   382
r   3aa
r   93
r   d7
r   31f
r   2c78
r   1cb
r   367
r   3dd
r   173
r   3a3
r   1e1
r   388
r   2a
r   1f2
r   2d4
r   361
r   322
r   fb
r   2ced
r   109
r   64
r   c9
r   2a9
r   3cf
r   1b4
r   2b24
r   220
r   2b1
r   25d0
r   2db
r   3da
r   224
r   233
r   254d
r   291
r   3b4
r   331
r   1a2
r   37a
r   133
r   17c
r   187
r   2d69
r   120
r   1da
r   3a6
r   390
r   ff
r   2b0c
r   aa
r   b9
r   298
r   91
r   af
r   32b
r   141
r   15
r   33
r   36a
r   34
r   2cee
r   8d
r   363
r   e7
r   362
r   284
r   255
r   3e2
r   3c9
r   101
r   3df
r   ce
r   2b8
r   361
r   246d
r   2be
r   1c5
r   6
r   e8
r   283
r   275
r   2bf
r   2a5c
r   36e
r   2de
r   1e6
r   54
r   29b
r   283
r   386
r   337
r   232
r   349
r   2e
r   9f
r   f8
r   1b7
r   110
r   3bb
r   3a
r   22be
r   220
r   313
r   2bd
r   170
r   2ab
r   24f
r   317
r   2b60
r   2ce
r   205
r   88
r   1be
r   45
r   2a7
r   23e
r   1a2
r   119
r   19f
r   1f9
r   176
r   e8
r   361
r   18a
r   237
r   337
r   2b5
r   22a
r   250
r   232
r   15f
r   9
r   26e5
r   282
r   214
r   1b0
r   2d7
r   13a
r   23a
r   1ac
r   219
r   f3
r   249
r   36f
r   1f3
r   3df
r   24b6
r   1e0
r   3d0
r   306
r   81
r   14e
r   356
r   25f5
r   219
r   1ee
r   1e
r   35a
r   2c5
r   214
r   e0
r   1bb
r   321
r   30
r   3d1
r   3b
r   7e
r   236
r   188
r   35e
r   398
r   f7
r   2e4
r   39f
r   25c
r   186
r   1ea
r   18d
r   342
r   3a1
r   1ba
r   2aba
r   238
r   138
r   26e
r   78
r   21f
r   1f7
r   da
r   1dd
r   394
r   199
r   30b
r   1ee
r   30c
r   2c0
r   2dd
r   2a
r   112
r   390
r   149
r   320
r   35e
r   1a5
r   3c7
r   323
r   bb
r   3d5
r   9f
r   5d
r   77
r   24b
r   221
r   d3
r   2b0
r   43
r   35b
r   20f1
r   49
r   e
r   34b
r   295
r   1c4
r   19c
r   2d39
r   f0
r   2a5
r   293c
r   269
r   38d
r   80
r   2cd6
r   25b
r   12f
r   16f
r   218
r   38f
r   1b6
r   196
r   274
r   119
r   255a
r   36a
r   18f
r   2a9
r   97
r   267
r   16
r   ea
r   22d
r   379
r   248
r   16c
r   112
r   2828
r   1ef
r   2049
r   308
r   1bb
r   2e03
r   c2
r   26c
r   2e3
r   b2
r   2e00
r   4f
r   6a
r   28d
r   5a
r   33f
r   10f
r   15b
r   3b8
r   311
r   2f02
r   244
r   30d
r   13f
r   151
r   3c4
r   30d
r   253
r   167
r   187
r   19
r   2761
r   340
r   15a
r   13c
r   2ee
r   2da
r   21
r   2d6
r   85
r   91
r   1bc
r   2e5d
r   2b9
r   19f
r   21f
r   72
r   8b
r   2f0
r   15d
r   19b
r   182
r   2da
r   2769
r   21f
r   38
r   218
r   23c
r   d6
r   1e
r   11
r   2cc
r   229
r   13b
r   2e5
r   24ea
r   179
r   102
r   25
r   1bd
r   373
r   156
r   2e6
r   344
r   32e
r   1ca
r   1c8
r   38
r   322
r   3b3
r   312
r   26a
r   372
r   116
r   d8
r   22d
r   11a
r   16b
r   1f3
r   25ac
r   139
r   38e
r   5e
r   2c5
r   3c1
r   19
r   37c
r   123
r   268
r   2ae
r   57
r   1bc
r   2ec
r   fe
r   223
r   e1
r   5c
r   202
r   286
r   269
r   149
r   118
r   179
r   275
r   1ba
r   371
r   86
r   304
r   176
r   290
r   340
r   86
r   48
r   2aff
r   2ce
r   311
r   260
r   3be
r   325
r   a3
r   2a4
r   21
r   3c6
r   2a9
r   1b5
r   d1
r   2b4b
r   1ba
r   a8
r   225
r   248
r   78
r   55
r   db
r   2c2
r   30f
r   81
r   f2
r   3a4
r   2d0
r   2e6
r   156
r   29f
r   2
r   162
r   20e
r   17c
r   c8
r   383
r   1b5
r   e0
r   232f
r   161
r   39
r   77
r   70
r   69
r   12b
r   28da
r   314
r   1c9
r   a8
r   51
r   14f
r   2ce
r   2f4
r   c0
r   178
r   2ae
r   40
r   2bdb
r   30b
r   280
r   8a
r   1f3
r   4f
r   d6
r   3a4
r   23ef
r   340
r   3e0
r   1d7
r   3b
r   51
r   29e
r   2d17
r   57
r   2e2
r   31d
r   25af
r   11f
r   3bb
r   1c5
r   101
r   3
r   22
r   18c
r   5a
r   2466
r   95
r   230
r   38a
r   2e38
r   159
r   17a
r   2db
r   13
r   25c9
r   3ce
r   3a6
r   17
r   190
r   15b
r   3a3
r   2a6
r   354
r   183
r   74
r   1bc
r   3de
r   1e6
r   1ce
r   39c
r   30c
r   2e0e
r   42
r   3ce
r   2e6f
r   9d
r   27b
r   2af5
r   299
r   9
r   14b
r   139
r   d9
r   13e
r   104
r   199
r   1f4
r   2b2
r   c0
r   2ee
r   89
r   2a3
r   1b0
r   175
r   3c
r   126
r   323
r   2cf
r   217c
r   25
r   3e0
r   179
r   1d0
r   251
r   204
r   290d
r   22
r   72
r   198
r   212
r   15c
r   248c
r   282
r   13f
r   194
r   14e
r   294
r   195
r   245
r   22c9
r   af
r   245
r   6a
r   2cd
r   2a5
r   1d7
r   102
r   95
r   32e
r   2e6
r   ee
r   1c6
r   31e
r   315
r   2ca
r   fc
r   320
r   1d6
r   1c1
r   33e
r   10
r   2ae
r   b2
r   2b9
r   16
r   70
r   241
r   3e4
r   33
r   393
r   31c
r   166
r   161
r   2c86
r   9a
r   2d3c
r   278
r   18a
r   23f3
r   23c
r   3d
r   e8
r   1d
r   30e
r   348
r   3e7
r   1a8
r   305
r   33a
r   129
r   39f
r   4e
r   1b3
r   2c6
r   b2
r   13c
r   228
r   5c
r   2e8
r   211
r   17f
r   2f4a
r   328
r   2b0
r   ae
r   191
r   2b1
r   103
r   3df
r   1a3
r   25d
r   2fd
r   25e
r   120
r   19a
r   45
r   382
r   2105
r   3a
r   12d
r   1d9
r   393
r   2f0
r   109
r   1ce
r   370
r   289
r   1d
r   21d
r   86
r   1c9
r   97
r   222
r   1a1
r   2ef
r   76
r   86
r   246
r   1f8
r   26a3
r   3c7
r   243
r   f5
r   264
r   2580
r   133
r   1e9
r   e1
r   2f50
r   7b
r   2b2
r   29f5
r   2f9
r   7d
r   248
r   25cd
r   58
r   b8
r   d0
r   27e
r   276
r   f7
r   2b5e
r   338
r   1b
r   368
r   36c
r   3dd
r   362
r   1fb
r   15d
r   2f4
r   213
r   12
r   240
r   241
r   74
r   265c
r   1fa
r   324
r   336
r   101
r   1b2
r   1cf
r   319
r   f9
r   393
r   f5
r   e0
r   78
r   21d
r   5c
r   2d2
r   ff
r   1a4
r   3c5
r   269
r   16b
r   96
r   91
r   2e8
r   311
r   1b7
r   22f8
r   f
r   370
r   29e9
r   1e6
r   a4
r   3b8
r   314
r   33e
r   266
r   149
r   ca
r   1fc
r   7e
r   5f
r   267
r   126
r   386
r   260
r   b3
r   2f7
r   7
r   72
r   53
r   225
r   60
r   217b
r   12b
r   ef
r   bc
r   2e6
r   1ca
r   61
r   212
r   91
r   10f
r   2d2
r   3b7
r   1b1
r   dd
r   2670
r   10f
r   e6
r   7d
r   f1
r   340
r   202
r   f6
r   2dd
r   2a1
r   3a1
r   1bf
r   3f
r   b0
r   c7
r   46
r   112
r   6b
r   2b7
r   31d
r   165
r   4c
r   108
r   2cf
r   6a
r   20e
r   2dd
r   104
r   5b
r   3e5
r   3e
r   39b
r   71
r   34a
r   268
r   1c1
r   26c
r   225
r   350
r   2f62
r   132
r   1d0
r   62
r   3b9
r   371
r   253
r   323
r   97
r   2467
r   216
r   3a8
r   145
r   33b
r   266
r   376
r   15d
r   78
r   120
r   a4
r   2fe
r   2906
r   1fb
r   21a
r   14
r   323
r   df
r   2983
r   2d5
r   20c
r   331
r   279
r   3b9
r   36f
r   31
r   377
r   3b4
r   3d0
r   361
r   31d
r   162
r   2ac
r   3d
r   281
r   2b5
r   2b2
r   2a60
r   2a4
r   3c2
r   1bc
r   3c
r   113
r   108
r   fb
r   1f3
r   2a0
r   123
r   280f
r   1f0
r   3ad
r   3d
r   7
r   1f1
r   30b
r   3d1
r   28a3
r   d
r   20f
r   7d
r   112
r   29a
r   139
r   1f9
r   c8
r   21c5
r   7b
r   126
r   351
r   27f
r   13d
r   71
r   d1
r   c
r   2354
r   28d
r   3e3
r   392
r   195
r   2d17
r   106
r   227
r   155
r   18c
r   392
r   121
r   3b0
r   3cc
r   25d
r   17e
r   f2
r   26e
r   2dfd
r   fd
r   252
r   3d3
r   110
r   350
r   d1
r   353
r   8c
r   346
r   189
r   12
r   6a
r   29e9
r   4b
r   1db
r   39f
r   12e
r   3
r   131
r   249
r   31d
r   2aae
r   178
r   11b
r   2d
r   232
r   26e
r   250
r   85
r   323
r   25d
r   d0
r   9b
r   11
r   c0
r   35
r   74
r   1c3
r   2a
r   168
r   22f
r   36d
r   358
r   38e
r   257
r   10e
r   396
r   2a0a
r   1a9
r   24b
r   22c
r   12b
r   176
r   2d4
r   8b
r   23a2
r   242
r   289d
r   1c7
r   19d
r   a6
r   36b
r   19
r   1f7
r   161
r   223b
r   3ad
r   80
r   b1
r   39d
r   1de
r   2fd
r   2c01
r   157
r   277
r   2652
r   2c
r   311
r   28e
r   b0
r   e0
r   317
r   3bb
r   1f
r   11b
r   272c
r   d0
r   29a
r   3b7
r   80
r   175
r   94
r   9c
r   81
r   e4
r   1e4
r   2d3
r   329
r   336
r   263
r   210
r   5e
r   165
r   317
r   2c33
r   397
r   1f1
r   326
r   21b
r   3ca
r   3c1
r   2532
r   3d3
r   c6
r   7b
r   2409
r   2de
r   231
r   2d4
r   3c6
r   1b8
r   138
r   27c
r   5e
r   2
r   20f
r   1e0
r   90
r   333
r   168
r   a3
r   3e0
r   200b
r   229
r   2df
r   33a
r   3e2
r   eb
r   319
r   1f8
r   2ee
r   1d2
r   3c9
r   23b
r   7d
r   34c
r   306
r   1ac
r   24c
r   ec
r   217
r   257
r   da
r   123
r   3a7
r   12f
r   11c
r   1d0
r   1ac
r   2e2
r   3e6
r   156
r   a0
r   29c5
r   64
r   2e1
r   3df
r   177
r   2d1
r   364
r   350
r   5c
r   12b
r   2be
r   281
r   3e3
r   1b7
r   20f1
r   233
r   16b
r   21e
r   99
r   a3
r   2b5
r   17a
r   260
r   327
r   38b
r   39a
r   63
r   29a2
r   21c
r   16d
r   1c9
r   37f
r   2a1
r   1ba
r   a9
r   2008
r   339
r   2ec
r   2fd
r   172
r   3d3
r   142
r   66
r   1b1
r   2cf2
r   261
r   285
r   253
r   13e
r   22c
r   71
r   e0
r   226
r   dd
r   1f3
r   33c
r   22c
r   62
r   2f48
r   367
r   340
r   cc
r   33f
r   1a0
r   125
r   277
r   96
r   275
r   103
r   34d
r   1ff
r   221
r   14b
r   181
r   26b
r   2e0
r   31a
r   270
r   394
r   2035
r   d1
r   2ac
r   e3
r   253
r   27d4
r   25f
r   2d1
r   336
r   6e
r   146
r   3e6
r   69
r   65
r   1b
r   e5
r   2fe
r   1f8
r   13e
r   2bfe
r   3f
r   110
r   19
r   208c
r   350
r   6f
r   287
r   327
r   2de
r   2db
r   363
r   231
r   196
r   2da
r   aa
r   2dd
r   1d0
r   360
r   211
r   178
r   2a6
r   2b0
r   114
r   2a2
r   6f
r   34e
r   365
r   1ab
r   56
r   2b4a
r   100
r   270
r   26bf
r   7f
r   3c3
r   3b9
r   27f2
r   278
r   2d2
r   1c8
r   2920
r   1d3
r   5e
r   16c
r   49
r   24e
r   12e
r   300
r   1c9
r   2124
r   248
r   100
r   2b3
r   273
r   1df
r   150
r   26f
r   2f2
r   76
r   2015
r   1b1
r   a5
r   164
r   359
r   20
r   1bd
r   25a
r   11d
r   e1
r   336
r   2810
r   20c
r   160
r   105
r   9c
r   236e
r   212
r   2d3
r   bd
r   29d3
r   18e
r   383
r   1
r   29b
r   d5
r   71
r   22ad
r   e
r   231
r   237
r   2748
r   19
r   254
r   63
r   2a43
r   92
r   2c3
r   15e
r   109
r   269
r   1b1
r   197
r   3cb
r   14d
r   7c
r   3ac
r   132
r   45
r   191
r   146
r   258
r   72
r   272e
r   1d0
r   1c7
r   37d
r   138
r   198
r   22d2
r   13d
r   3b
r   21b
r   1e5
r   9b
r   1a9
r   20f
r   47
r   23a1
r   ba
r   2c2f
r   28a
r   23f
r   d
r   222
r   278
r   346
r   98
r   2e7
r   f8
r   f1
r   87
r   298
r   303
r   1ef
r   2cca
r   3db
r   39c
r   18a
r   78
r   2a90
r   375
r   232
r   388
r   145
r   2f6
r   e4
r   2a9
r   12
r   2db
r   1b2
r   1e9
r   2b65
r   295
r   18
r   1ee
r   17a
r   2bd5
r   3d4
r   1c9
r   33b
r   374
r   3b
r   121
r   b4
r   317
r   1c1
r   349
r   2a4d
r   2f6
r   3cd
r   167
r   39f
r   12
r   45
r   2fd
r   297
r   21e
r   2f77
r   6
r   34
r   385
r   1c2
r   2304
r   124
r   2d51
r   32
r   17e
r   12f
r   70
r   23d
r   25b5
r   38
r   2ff
r   1b5
r   2a0
r   29c
r   98
r   32e
r   9
r   77
r   1fd
r   2a90
r   1c5
r   379
r   331
r   1f4
r   2465
r   3c1
r   297
r   366
r   2e6
r   c9
r   2ee0
r   2c2
r   3ce
r   3d3
r   20d
r   160
r   150
r   14
r   391
r   11a
r   244
r   2d6
r   47
r   25a
r   226
r   4e
r   8
r   11a
r   bd
r   b2
r   37d
r   2460
r   246
r   1ec
r   3b8
r   31a
r   107
r   1bb
r   271
r   12c
r   99
r   3a4
r   9d
r   1c3
r   101
r   29e
r   3be
r   1bc
r   ef
r   193
r   26b
r   104
r   67
r   244
r   133
r   3a7
r   17e
r   275
r   3a7
r   20
r   91
r   204
r   25f
r   2e73
r   c6
r   1c7
r   204
r   2
r   1cc
r   2aa
r   2cd
r   33c
r   129
r   1ff
r   3d6
r   23d
r   1b9
r   2b
r   24a
r   3b4
r   384
r   36f
r   2f8
r   de
r   284
r   1d1
r   ac
r   37b
r   2924
r   2f2
r   2a2
r   2248
r   c8
r   d3
r   5c
r   24df
r   189
r   1f3
r   a6
r   2b5c
r   2ef
r   1e0
r   63
r   6d
r   3ae
r   2e6
r   6a
r   3bc
r   151
r   15f
r   2960
r   1bc
r   2f9f
r   345
r   353
r   357
r   f6
r   299
r   162
r   178
r   25
r   a7
r   3b9
r   ec
r   85
r   1a2
r   339
r   3a1
r   20a
r   395
r   67
r   c4
r   2dc
r   1ac
r   273
r   fe
r   1da
r   1f3
r   2f
r   2b1
r   c
r   11
r   276
r   1a1
r   1a0
r   36e
r   1cc
r   23d
r   3a9
r   3d6
r   1fd
r   11c
r   a
r   73
r   366
r   125
r   268
r   47
r   261
r   67
r   210
r   fa
r   199
r   214
r   211
r   266
r   244f
r   382
r   1d1
r   c2
r   387
r   2dbf
r   311
r   b6
r   395
r   191
r   25f2
r   3a1
r   7c
r   2fb
r   321
r   b4
r   4b
r   7b
r   289
r   166
r   a6
r   c2
r   18e
r   dc
r   1ad
r   168
r   376
r   2c54
r   a
r   398
r   169
r   34a
r   329
r   1f8
r   19e
r   34d
r   262
r   1c4
r   359
r   363
r   2ea
r   b0
r   75
r   38
r   17a
r   8d
r   2c6
r   78
r   64
r   165
r   44
r   304
r   135
r   2a5
r   37d
r   14e
r   308
r   2763
r   f6
r   3b3
r   3b
r   da
r   152
r   10e
r   28d
r   236
r   229a
r   301
r   2b8
r   274d
r   175
r   72
r   2a4a
r   69
r   90
r   285
r   127
r   374
r   3ad
r   105
r   290
r   354
r   2e5
r   398
r   298
r   284
r   156
r   3e7
r   e2
r   b
r   1c4
r   384
r   17b
r   17
r   ab
r   206
r   1cb
r   21b2
r   c8
r   162
r   2f7
r   3a
r   299
r   3e4
r   244
r   281
r   389
r   22b
r   1c
r   1c
r   2c8e
r   299
r   18a
r   3ad
r   2e5d
r   2ac
r   5c
r   d1
r   2d6f
r   e2
r   1b3
r   2dd
r   1f1
r   91
r   3af
r   af
r   212
r   c9
r   31e
r   2a1
r   284f
r   15e
r   e
r   23b
r   251
r   322
r   31e
r   33f
r   1fb
r   217
r   363
r   b4
r   237
r   38
r   22e
r   8c
r   1e3
r   4a
r   3a5
r   48
r   8
r   3d0
r   374
r   29f4
r   2e7
r   53
r   3b7
r   2b71
r   326
r   2b1
r   1fb
r   239
r   382
r   8a
r   385
r   3ca
r   28e
r   2610
r   3d7
r   315
r   184
r   243
r   119
r   2b7f
r   d3
r   14f
r   386
r   354
r   349
r   36c
r   2d4
r   6c
r   68
r   179
r   2e9
r   31d
r   2646
r   14a
r   30d
r   2be
r   ae
r   219c
r   30b
r   25e
r   75
r   2de
r   1e3
r   2c33
r   24f
r   243
r   ea
r   1c3
r   181
r   2f9
r   d7
r   2a7
r   26c
r   294
r   3d8
r   156
r   306
r   2be
r   271
r   f3
r   172
r   112
r   19a
r   2f7
r   302
r   d7
r   1a0
r   25f
r   1c4
r   1a4
r   39c
r   2f4
r   2cb7
r   32b
r   e8
r   19c
r   2e
r   4b
r   3e5
r   71
r   113
r   2c9
r   2f2
r   dc
r   2fb
r   392
r   2fb
r   294
r   27c
r   14e
r   93
r   15
r   2ae
r   383
r   25a
r   215
r   2bf
r   34b
r   2f45
r   3f
r   2a1
r   db
r   11
r   24d
r   eb
r   204
r   108
r   1dd
r   2e45
r   39e
r   2b1
r   1aa
r   6f
r   334
r   124
r   11
r   2f2
r   a7
r   120
r   111
r   27d2
r   186
r   1ca
r   132
r   1d0
r   d6
r   288
r   130
r   222e
r   312
r   2db8
r   1ae
r   371
r   20e
r   222
r   2d70
r   139
r   38e
r   e1
r   7e
r   38b
r   2b8
r   275
r   203
r   36e
r   27b
r   1ac
r   1bf
r   17d
r   1ae
r   2d5
r   27b6
r   186
r   ec
r   2bec
r   345
r   11c
r   12f
r   264b
r   3a4
r   1de
r   310
r   3e4
r   3e3
r   259
r   e4
r   3d2
r   358
r   2988
r   f7
r   2a4
r   ca
r   222
r   262
r   aa
r   86
r   193
r   35d
r   34b
r   266
r   267
r   10f
r   34c
r   fb
r   339
r   23c4
r   356
r   25ef
r   2d0
r   165
r   3c0
r   260
r   3bc
r   126
r   276
r   340
r   b5
r   6f
r   c2
r   be
r   79
r   128
r   dd
r   25d
r   393
r   270
r   c2
r   2a2
r   253
r   140
r   1cb
r   af
r   2b88
r   11e
r   92
r   27a
r   2ca
r   f1
r   df
r   6d
r   10
r   8d
r   26a
r   10e
r   2a0
r   5a
r   26a2
r   252
r   2b2
r   3f
r   18d
r   301
r   4b
r   3a6
r   15b
r   151
r   194
r   165
r   2db
r   10f
r   6a
r   2b7f
r   2c5
r   219
r   fb
r   226
r   b9
r   1fc
r   279
r   a5
r   14a
r   226
r   25d
r   ff
r   18a
r   e5
r   94
r   be
r   12c
r   2157
r   228
r   f5
r   2d4d
r   324
r   2e33
r   315
r   320
r   1d0
r   228
r   137
r   26a
r   3c2
r   2c4a
r   d1
r   ed
r   2011
r   37a
r   2c8
r   34
r   54
r   72
r   5c
r   2d1
r   38a
r   256
r   2384
r   38d
r   207
r   154
r   2a4
r   153
r   28d
r   9c
r   1a4
r   29e9
r   2da
r   15a
r   3cd
r   1c4
r   24
r   e8
r   208
r   380
r   2003
r   4a
r   216
r   34c
r   171
r   245
r   14f
r   b3
r   1b4
r   db
r   37b
r   2c0d
r   3a9
r   31b
r   20
r   6
r   2396
r   9
r   35c
r   32a
r   301
r   22a
r   198
r   39
r   71
r   1f8
r   1de
r   2e
r   25
r   3e
r   33d
r   2234
r   6d
r   39e
r   1fc
r   3d2
r   24f
r   77
r   395
r   26a7
r   1f8
r   225
r   1fe
r   6c
r   287
r   1
r   38
r   26ff
r   3cc
r   317
r   6c
r   48
r   d9
r   254
r   296
r   190
r   2d2
r   10b
r   2df
r   bf
r   3e5
r   125
r   2e9
r   352
r   2fe
r   3c8
r   286
r   2139
r   d7
r   38d
r   2cf
r   28f
r   350
r   2bf0
r   3a3
r   196
r   104
r   a4
r   1cf
r   17c
r   3d2
r   293
r   175
r   153
r   368
r   3b3
r   1d2
r   30e
r   39a
r   137
r   277
r   2a8
r   1da
r   94
r   69
r   3ba
r   2a2
r   2de
r   10f
r   2dd
r   335
r   26f
r   6a
r   37f
r   21a5
r   22e
r   194
r   10a
r   66
r   31b
r   398
r   2ba
r   2bd
r   5a
r   3a7
r   342
r   151
r   37
r   145
r   23f
r   24a
r   122
r   2842
r   38c
r   239
r   88
r   2e3b
r   a3
r   15f
r   142
r   265
r   2905
r   320
r   3e6
r   320
r   158
r   386
r   227
r   2b
r   1f7
r   372
r   2a3
r   2568
r   13e
r   2b
r   18e
r   32e
r   2a7
r   a3
r   7a
r   e1
r   e6
r   2c0
r   2e6
r   2a3
r   3b3
r   206
r   28e
r   194
r   306
r   3e1
r   364
r   218
r   11b
r   3cd
r   3aa
r   22f
r   185
r   98
r   3c
r   300
r   9e
r   17b
r   36f
r   88
r   3a6
r   b2
r   280
r   2be
r   1d6
r   22
r   e2
r   3a0
r   391
r   244b
r   3cd
r   db
r   301
r   3f
r   59
r   45
r   1e4
r   112
r   37f
r   155
r   a2
r   22d
r   3b3
r   353
r   77
r   e
r   37f
r   309
r   1bb
r   263e
r   375
r   13
r   2f23
r   39a
r   202
r   12b
r   2b4
r   241
r   58
r   1c7
r   316
r   23e
r   13
r   186
r   86
r   3dd
r   1a6
r   2837
r   193
r   179
r   302
r   c
r   2ca6
r   b2
r   bf
r   87
r   22d
r   23e
r   2da
r   3b9
r   5e
r   9
r   ab
r   32f
r   bb
r   2004
r   224
r   386
r   20a
r   5b
r   2ac
r   394
r   10a
r   101
r   39c
r   2be
r   129
r   6d
r   298
r   223
r   50
r   287
r   a2
r   37e
r   2a
r   aa
r   2b6
r   19a
r   2cd0
r   29c
r   22c
r   2fc
r   208
r   2fe
r   39a
r   97
r   5c
r   d4
r   3da
r   13f
r   324
r   221
r   15e
r   3ad
r   108
r   173
r   24a0
r   87
r   2c0
r   253
r   13b
r   32b
r   26a2
r   27c
r   1db
r   355
r   3e5
r   322
r   37c
r   20e
r   a6
r   2093
r   37a
r   14c
r   317
r   302
r   31
r   159
r   3c5
r   350
r   367
r   107
r   334
r   ac
r   a5
r   f1
r   c3
r   352
r   159
r   1ce
r   39b
r   e3
r   29e
r   b8
r   3c8
r   18d
r   358
r   24b8
r   2a4
r   17c
r   322
r   3d8
r   3bc
r   163
r   41
r   24b7
r   38a
r   318
r   311
r   3a
r   323
r   162
r   2a09
r   232
r   81
r   1f2
r   14e
r   26f
r   9d
r   26
r   3cc
r   2f2
r   169
r   144
r   2c0
r   389
r   126
r   2dc
r   22c
r   3b
r   ee
r   223
r   231
r   f3
r   65
r   247
r   1b9
r   135
r   101
r   28a
r   7c
r   153
r   2606
r   48
r   62
r   1c
r   135
r   23
r   353
r   1dd
r   b
r   1f8
r   388
r   61
r   323
r   2c5
r   ce
r   68
r   35e
r   3b1
r   257
r   1c0
r   106
r   8d
r   188
r   2d3b
r   2f3
r   f3
r   152
r   281
r   250
r   1cb
r   11a
r   32d
r   282
r   104
r   284
r   192
r   c7
r   2d
r   3d6
r   34
r   321
r   279
r   1b5
r   379
r   15f
r   26ca
r   3d9
r   387
r   79
r   d0
r   250
r   33e
r   159
r   2dd6
r   a
r   38e
r   34b
r   19d
r   cb
r   25b0
r   1bc
r   9f
r   142
r   3cf
r   1bd
r   20e
r   20d
r   97
r   13f
r   7f
r   1fa
r   7b
r   4d
r   2ad
r   2e6
r   2ca
r   78
r   2aa
r   171
r   174
r   6a
r   334
r   2d2
r   153
r   333
r   ff
r   34
r   2b85
r   1e1
r   27a
r   b
r   1c5
r   3e2
r   e7
r   2f
r   201
r   2bb
r   22
r   346
r   176
r   b0
r   347
r   254
r   322
r   347
r   330
r   2297
r   26d
r   23f1
r   12b
r   96
r   240
r   231
r   30c
r   297
r   3b8
r   cb
r   2245
r   2a
r   b2
r   1e7
r   9a
r   308
r   282
r   6d
r   2b9
r   9a
r   15
r   27a5
r   1
r   388
r   39a
r   35
r   2b0
r   367
r   a4
r   d4
r   155
r   384
r   2efa
r   129
r   346
r   25b
r   2e6
r   a3
r   149
r   3bb
r   184
r   18e
r   353
r   58
r   225
r   314
r   3c7
r   239d
r   11
r   df
r   4
r   84
r   10
r   1ff
r   1b6
r   177
r   16d
r   b6
r   2e6
r   16
r   1d4
r   1cb
r   108
r   1a3
r   3bd
r   32a
r   10c
r   135
r   193
r   2bf
r   31e
r   3d0
r   3c9
r   2d7a
r   2c7
r   1d9
r   fa
r   348
r   2e2
r   203
r   3ac
r   2887
r   fd
r   29ad
r   393
r   370
r   1d5
r   376
r   2962
r   2f2
r   108
r   244
r   1e
r   3b0
r   9a
r   237a
r   89
r   107
r   21a1
r   31e
r   223
r   3b6
r   9c
r   87
r   115
r   14f
r   388
r   20ec
r   1e4
r   10a
r   3ae
r   3b7
r   295
r   379
r   367
r   4a
r   ce
r   d1
r   359
r   7
r   20c
r   306
r   3b2
r   90
r   174
r   243
r   b5
r   128
r   144
r   1d6
r   34d
r   1c5
r   f6
r   113
r   106
r   37e
r   1c
r   2b6
r   2eb
r   6c
r   2cb2
r   28
r   30f
r   1b3
r   257
r   320
r   aa
r   3b7
r   3af
r   c9
r   e4
r   285
r   360
r   2c5
r   22fd
r   384
r   375
r   202b
r   18
r   13e
r   107
r   1b0
r   2ff
r   2f9
r   20f
r   2ac
r   326
r   394
r   117
r   75
r   2a2
r   378
r   78
r   2aa0
r   90
r   26
r   123
r   183
r   4a
r   334
r   365
r   33d
r   2aa
r   361
r   175
r   25b
r   18
r   3b9
r   137
r   1a6
r   172
r   2fb
r   1d8
r   26b8
r   382
r   21c
r   2c9
r   e1
r   323
r   370
r   2c
r   f4
r   25d
r   2c6
r   18a
r   51
r   307
r   13c
r   45
r   35d
r   137
r   16b
r   20a
r   186
r   103
r   27ae
r   12f
r   d3
r   2329
r   126
r   1d4
r   220f
r   385
r   28f
r   106
r   d8
r   9
r   188
r   384
r   227e
r   348
r   2cf3
r   64
r   11a
r   3d9
r   330
r   313
r   264f
r   b3
r   204
r   1d9
r   182
r   248
r   276
r   24bb
r   18a
r   14b
r   d5
r   2bb
r   3cf
r   1a4
r   1da
r   1ca
r   20f
r   90
r   3ae
r   20a
r   7
r   37d
r   305
r   2ae
r   2e2
r   2b57
r   3b7
r   3bb
r   21b
r   25
r   19b
r   295
r   1f8
r   209
r   17d
r   2c03
r   2b2
r   da
r   270
r   12e
r   d7
r   21
r   2b8
r   1aa
r   88
r   2bd
r   7d
r   160
r   217
r   177
r   ac
r   a4
r   29a
r   1f7
r   4f
r   3ba
r   225
r   75
r   3a8
r   106
r   102
r   2fb
r   3e2
r   24d
r   103
r   3cb
r   341
r   3e6
r   24c6
r   1f5
r   12d
r   21c1
r   12c
r   314
r   1fd
r   139
r   94
r   57
r   a
r   17a
r   13b
r   10c
r   1a5
r   306
r   3ba
r   271
r   28a
r   222
r   223
r   2cf
r   19a
r   33c
r   2a63
r   10b
r   29e
r   227
r   170
r   37a
r   13a
r   30d
r   12a
r   2c6
r   83
r   125
r   f5
r   99
r   2e5
r   1e3
r   225
r   338
r   323
r   c1
r   26d
r   b3
r   30c
r   27e4
r   1ae
r   53
r   23d
r   1d7
r   1a
r   1ff
r   220
r   a4
r   12e
r   174
r   1a6
r   1a2
r   49
r   7d
r   2f91
r   1b5
r   1a0
r   330
r   323
r   41
r   2a3f
r   364
r   130
r   1aa
r   261
r   2df
r   3b9
r   312
r   67
r   e1
r   2624
r   d2
r   131
r   f7
r   23c
r   46
r   35d
r   1fa
r   3e6
r   139
r   370
r   229
r   15b
r   160
r   205
r   127
r   1e7
r   72
r   344
r   269
r   2fd
r   18f
r   2dd
r   360
r   b1
r   225
r   23b
r   3cf
r   205
r   3dc
r   253
r   1e4
r   8e
r   243
r   299
r   2e3
r   20ec
r   8a
r   3c9
r   270
r   23d
r   259
r   2d5
r   136
r   116
r   14f
r   120
r   95
r   2f9
r   28e
r   75
r   33f
r   1b6
r   2903
r   2f7
r   3a4
r   123
r   2fd
r   a3
r   3a7
r   25ab
r   275
r   1d4
r   331
r   2280
r   242
r   126
r   37c
r   356
r   11f
r   1c3
r   21e
r   d2
r   ad
r   1ca
r   95
r   c6
r   177
r   305
r   d4
r   11d
r   a5
r   32d
r   30c
r   c9
r   c3
r   1d3
r   2e3
r   39a
r   28d
r   258
r   1df
r   1ca
r   c1
r   352
r   3ce
r   225
r   43
r   385
r   2de
r   10b
r   1ca
r   13
r   19c
r   1cd
r   1a
r   23b
r   d3
r   3f
r   105
r   a3
r   31
r   4f
r   82
r   13c
r   313
r   1f2
r   29e
r   31b
r   a2
r   353
r   29e
r   2e
r   323
r   2a4f
r   1a0
r   9a
r   1a9
r   1b3
r   2bc
r   232
r   38c
r   19f
r   a7
r   12d
r   1be
r   25ac
r   3db
r   e2
r   32f
r   2478
r   1c6
r   208
r   322
r   b2
r   bf
r   6
r   31b
r   25b
r   1a4
r   34e
r   4c
r   3d8
r   2660
r   395
r   12
r   1e9
r   ba
r   182
r   5a
r   2a4
r   36b
r   2ae
r   2be
r   3a8
r   2d5
r   2717
r   31f
r   1cc
r   16f
r   35
r   32f
r   3c3
r   2cfc
r   fa
r   1d7
r   2960
r   93
r   2274
r   36
r   3c1
r   294
r   2d6
r   293
r   219
r   162
r   361
r   2d6
r   3c6
r   6
r   bd
r   2cd
r   3b5
r   9f
r   61
r   1c
r   201b
r   28
r   69
r   13f
r   13b
r   160
r   14a
r   42
r   336
r   17b
r   2c30
r   27b
r   1e4
r   291
r   102
r   231
r   205
r   147
r   2b5
r   1ef
r   1a4
r   18c
r   2f9a
r   fc
r   16f
r   6d
r   f8
r   2de
r   41
r   25a5
r   3d
r   2f3f
r   3ce
r   1a4
r   f6
r   260
r   1bc
r   1db
r   191
r   67
r   19d
r   1af
r   399
r   1c8
r   1d3
r   2a6
r   3a7
r   a8
r   36d
r   2338
r   1db
r   311
r   2ae
r   28d
r   be
r   24e2
r   223
r   49
r   371
r   292
r   2
r   233
r   2e6
r   2d0f
r   106
r   23c
r   3a8
r   1bc
r   e2
r   2747
r   e8
r   195
r   20f
r   33e
r   11b
r   12c
r   2f1
r   303
r   2af
r   207
r   7f
r   3ba
r   397
r   7d
r   245
r   d0
r   214
r   3dd
r   24f6
r   334
r   22a
r   139
r   11c
r   3ca
r   6
r   1d8
r   27aa
r   1c7
r   284
r   31
r   2cf
r   179
r   1f3
r   255
r   141
r   135
r   305
r   3e7
r   33d
r   3af
r   1d
r   25e
r   2c15
r   3d
r   59
r   da
r   35b
r   3ac
r   34
r   2df
r   20b
r   352
r   50
r   231
r   e0
r   3e5
r   265
r   3c4
r   23d
r   228
r   204
r   e2
r   144
r   362
r   2cf
r   10e
r   38c
r   324
r   363
r   18a
r   12d
r   1c1
r   367
r   28a
r   1ee
r   1cc
r   3cd
r   5a
r   cc
r   17a
r   106
r   206
r   2078
r   2a2
r   3dc
r   102
r   18c
r   e9
r   2b39
r   3e6
r   29e
r   203
r   d0
r   2878
r   12a
r   2d4
r   dc
r   365
r   205
r   154
r   ff
r   11e
r   2f8
r   202
r   159
r   157
r   2f9
r   2754
r   f3
r   45
r   18f
r   1e7
r   83
r   243
r   164
r   269b
r   384
r   174
r   1ba
r   23d
r   1dd
r   2be8
r   ac
r   32a
r   1fc
r   32d
r   331
r   1e8
r   39a
r   8f
r   142
r   338
r   68
r   2e1
r   c4
r   237
r   2ba
r   389
r   335
r   3a8
r   79
r   38a
r   2cf2
r   2ea
r   24c
r   1ba
r   2957
r   126
r   2f4
r   13
r   188
r   2cb
r   48
r   355
r   3dd
r   2d
r   163
r   1a
r   328
r   2167
r   6b
r   1ac
r   173
r   c3
r   3a0
r   168
r   2b1
r   1e9
r   160
r   cf
r   f4
r   50
r   24d
r   224
r   197
r   392
r   a9
r   19f
r   362
r   24d1
r   92
r   252
r   28c4
r   36a
r   256
r   11
r   105
r   186
r   87
r   123
r   216
r   39b
r   2dec
r   1bd
r   3d3
r   2c8
r   39b
r   1f0
r   30a
r   5f
r   2be3
r   2a1
r   c8
r   aa
r   23d3
r   291
r   10f
r   2998
r   141
r   100
r   3d
r   d9
r   32f
r   19
r   7
r   1c4
r   2155
r   158
r   16f
r   2b7
r   1a7
r   151
r   d0
r   305
r   119
r   110
r   322
r   2e1
r   21d
r   11a
r   ff
r   13
r   23e
r   cb
r   268
r   3b3
r   219
r   1d8
r   f4
r   1d1
r   3db
r   18d
r   32f
r   18f
r   2de
r   39c
r   392
r   2b9
r   a
r   30e
r   98
r   11
r   2cd
r   25d2
r   3c1
r   3bb
r   1ab
r   24c
r   35b
r   3c8
r   328
r   1ec
r   10c
r   c7
r   95
r   37c
r   25c
r   91
r   2b
r   1e7
r   1ab
r   c3
r   1e6
r   1a8
r   d1
r   10a
r   1c2
r   207
r   382
r   b4
r   aa
r   af
r   2ee
r   7b
r   293
r   95
r   194
r   124
r   340
r   3ab
r   32d
r   19b
r   13c
r   14e
r   0
r   3c5
r   123
r   0
r   a4
r   ba
r   1b5
r   105
r   21
r   313
r   26e
r   263
r   27c
r   193
r   291
r   366
r   27a4
r   344
r   258
r   2dcd
r   3e1
r   8
r   2014
r   31e
r   27a
r   fd
r   30b
r   20a2
r   35a
r   12e
r   1c9
r   97
r   31a
r   1dc
r   d1
r   2bf
r   20f6
r   2b8
r   25e
r   6b
r   60
r   2ec
r   119
r   ac
r   2e1
r   62
r   3f
r   2de
r   12d
r   166
r   29d
r   1cb
r   3c5
r   3e6
r   2e0
r   148
r   c7
r   376
r   25b
r   2e2d
r   2b4
r   4f
r   1af
r   2ca
r   217
r   29f
r   34b
r   2067
r   2f3
r   263
r   276
r   261b
r   3be
r   73
r   1db
r   27c5
r   376
r   2a9
r   168
r   2ae
r   177
r   1e1
r   16
r   188
r   e5
r   1d7
r   3bd
r   37c
r   3c
r   3db
r   25d
r   1b4
r   238
r   61
r   82
r   36a
r   1e6
r   196
r   b9
r   110
r   28a
r   3bf
r   c5
r   340
r   2ad
r   37
r   21cb
r   34b
r   17b
r   3a6
r   2ed3
r   46
r   28d
r   3b2
r   41
r   d2
r   382
r   311
r   ac
r   19d
r   3af
r   b0
r   22e4
r   3db
r   e1
r   35b
r   1a
r   245
r   293
r   35b
r   22b
r   119
r   f2
r   17d
r   13
r   d8
r   292
r   387
r   36
r   29fb
r   277
r   19e
r   27b
r   2174
r   384
r   235e
r   70
r   1a1
r   1b0
r   31
r   2eb
r   28a
r   45
r   1d9
r   3a1
r   316
r   185
r   1ac
r   235
r   240
r   29c
r   1f8
r   2c57
r   111
r   3af
r   3dd
r   183
r   368
r   2cc0
r   382
r   0
r   9e
r   15e
r   394
r   37
r   223
r   7b
r   3df
r   15c
r   28cc
r   3a8
r   37c
r   29c
r   78
r   21e1
r   180
r   270c
r   2e0
r   13a
r   2a0
r   31b
r   10d
r   2be
r   67
r   253
r   269
r   2af
r   be
r   33f
r   d2
r   2ef
r   27
r   34f
r   d7
r   5
r   2d8
r   18a
r   85
r   259
r   2cd
r   17
r   125
r   2ca8
r   343
r   1a7
r   cb
r   31d
r   2fd
r   5d
r   261
r   382
r   14f
r   2caa
r   2ac
r   2b2
r   7c
r   341
r   5f
r   359
r   13a
r   2c27
r   168
r   bd
r   12b
r   227
r   c7
r   160
r   169
r   354
r   174
r   286
r   1ff
r   c3
r   21f5
r   2a1
r   21d
r   45
r   33
r   c1
r   26ed
r   354
r   206
r   3d1
r   2f0d
r   152
r   2c1
r   119
r   125
r   134
r   346
r   229
r   21a
r   22b
r   1c2
r   52
r   207
r   350
r   176
r   138
r   69
r   1f9
r   129
r   3c0
r   30e
r   281
r   3ab
r   343
r   3e0
r   56
r   15d
r   1b6
r   2d30
r   27e
r   2ee
r   2b33
r   2ba
r   365
r   35e
r   157
r   1cc
r   1bb
r   1c1
r   160
r   d4
r   17b
r   8b
r   2b03
r   3a1
r   2893
r   237
r   12a
r   4a
r   1fd
r   c8
r   a6
r   222
r   174
r   1b0
r   4b
r   1ca
r   2d9a
r   345
r   23cd
r   395
r   ff
r   131
r   1a8
r   3d8
r   2f6f
r   34d
r   1f8
r   137
r   72
r   2464
r   327
r   3b1
r   d3
r   36b
r   250
r   173
r   273
r   1ae
r   98
r   ef
r   38
r   14d
r   2e
r   361
r   170
r   39a
r   3a6
r   73
r   26f
r   37f
r   35b
r   1ad
r   f4
r   302
r   1a2
r   ed
r   388
r   1c
r   2720
r   f6
r   221
r   29e
r   187
r   2c74
r   379
r   212
r   1b0
r   192
r   e4
r   49
r   62
r   2c8
r   13d
r   262
r   236
r   3b0
r   3d3
r   2b1
r   319
r   3b0
r   31c
r   aa
r   d8
r   5a
r   112
r   31a
r   6
r   3c
r   7a
r   2016
r   29
r   13e
r   314
r   2ed
r   200
r   89
r   1dd
r   2cc
r   b3
r   2095
r   26f
r   298
r   27f
r   39c
r   2bb
r   171
r   1b8
r   187
r   2265
r   1ce
r   9e
r   11a
r   369
r   262
r   aa
r   278e
r   13f
r   c9
r   217
r   2d1f
r   32c
r   19a
r   264
r   3
r   e2
r   193
r   25b0
r   391
r   2e3
r   2639
r   353
r   2f2f
r   15
r   ad
r   1ae
r   1d
r   236
r   2081
r   329
r   253c
r   1a5
r   2b7
r   233
r   23c6
r   3bb
r   36f
r   62
r   10c
r   139
r   142
r   2a8
r   198
r   18c
r   145
r   1f7
r   3de
r   22c
r   f3
r   37a
r   55
r   320
r   209
r   2f3
r   c7
r   288
r   2f
r   20f1
r   1c7
r   3de
r   2d55
r   1de
r   384
r   247
r   94
r   240
r   26b
r   ed
r   3d2
r   23fe
r   2dd
r   23e
r   fb
r   2de1
r   3a3
r   8
r   17f
r   88
r   240
r   23
r   34c
r   3d9
r   223e
r   3bd
r   a3
r   19c
r   1c7
r   e4
r   4
r   33d
r   73
r   236
r   3be
r   26e
r   2ab
r   22f
r   1f6
r   b4
r   29d
r   3d
r   39a
r   1ca
r   142
r   2f7
r   366
r   ec
r   a4
r   1d7
r   265
r   287
r   1c7
r   34b
r   28d
r   249
r   d9
r   1fc
r   21d7
r   13e
r   91
r   115
r   e4
r   19c
r   2de
r   25
r   213
r   d0
r   3aa
r   177
r   1a4
r   b9
r   140
r   3bb
r   228e
r   271
r   2867
r   14f
r   2917
r   393
r   2ab3
r   80
r   9
r   1da
r   160
r   1a8
r   320
r   37a
r   25e
r   13
r   262
r   2e3
r   3b8
r   2ff
r   17d
r   22a
r   ba
r   b1
r   228
r   58
r   25
r   222
r   16f
r   19a
r   d7
r   384
r   6c
r   319
r   19c
r   2033
r   92
r   25d
r   c2
r   24b
r   bf
r   b6
r   3d3
r   159
r   19e
r   3a2
r   2e74
r   2c8
r   36d
r   3d7
r   248
r   247
r   37d
r   2638
r   12f
r   e7
r   36e
r   b8
r   de
r   1cc
r   27f4
r   e2
r   13e
r   6a
r   136
r   22a
r   166
r   189
r   7d
r   eb
r   3ae
r   3b5
r   25a
r   2d1
r   28a
r   33b
r   2658
r   196
r   3af
r   1b2
r   23
r   e8
r   25c7
r   172
r   7c
r   2c8
r   2a05
r   6
r   362
r   2ae
r   107
r   251
r   371
r   33c
r   1eb
r   c
r   321
r   2f
r   4f
r   2f3
r   3
r   239
r   a9
r   1bf
r   1d5
r   14a
r   21b
r   121
r   316
r   3c
r   f1
r   22f
r   337
r   1ab
r   1e5
r   2f8
r   312
r   cb
r   388
r   22b6
r   175
r   178
r   1b
r   2eb
r   298a
r   d9
r   2c04
r   32a
r   27b
r   1cc
r   277
r   4f
r   1db
r   3b7
r   7a
r   3c
r   3b9
r   103
r   f4
r   14d
r   1b6
r   231
r   cb
r   3a8
r   239f
r   18c
r   22e
r   35f
r   3ab
r   2a3
r   100
r   324
r   2ca6
r   24e
r   398
r   276
r   b3
r   17c
r   2d0
r   32f
r   7d
r   194
r   2674
r   364
r   177
r   104
r   228
r   2b0
r   f9
r   12b
r   c6
r   367
r   11
r   29e7
r   6d
r   1d6
r   29c
r   12
r   d2
r   250d
r   14f
r   1c5
r   320
r   330
r   42
r   2fe
r   132
r   cb
r   78
r   2eee
r   8
r   342
r   2b8d
r   1f7
r   147
r   2f94
r   15d
r   2a4
r   17b
r   382
r   1b7
r   322
r   359
r   a2
r   4a
r   286
r   362
r   147
r   2d9d
r   27c
r   107
r   343
r   138
r   118
r   8c
r   135
r   2f
r   2bd7
r   387
r   386
r   1af
r   1ce
r   26f
r   54
r   1c
r   3ab
r   b8
r   1a3
r   237
r   258c
r   3d2
r   2404
r   280
r   4b
r   2dfc
r   14a
r   1e2
r   2d8
r   d2
r   313
r   24d9
r   5a
r   a2
r   357
r   11c
r   1e7
r   9f
r   2886
r   33f
r   2b06
r   17c
r   d6
r   2d
r   31b
r   24f
r   2c4
r   2e9
r   156
r   366
r   d9
r   22c
r   37
r   2c1
r   28f
r   2e
r   3e
r   16a
r   5b
r   208c
r   ee
r   2dc
r   3c6
r   126
r   20f
r   313
r   2ba
r   124
r   110
r   261
r   2b7
r   374
r   390
r   39
r   6a
r   2a9
r   4b
r   f4
r   256
r   3bf
r   174
r   d6
r   290b
r   1fb
r   24b
r   248
r   f2
r   296
r   2b9
r   3e3
r   2087
r   32c
r   33f
r   2955
r   1ac
r   3dc
r   3b1
r   2b2
r   20
r   2c8
r   57
r   1b6
r   4d
r   329
r   226a
r   35a
r   265
r   389
r   49
r   172
r   204
r   322
r   3b5
r   2dc5
r   15a
r   27e
r   380
r   3d
r   2ed
r   10
r   2c9f
r   3da
r   160
r   da
r   2da
r   15a
r   2c21
r   35e
r   104
r   2f5
r   df
r   ed
r   201
r   123
r   335
r   1a2
r   12f
r   af
r   161
r   282
r   d1
r   135
r   187
r   75
r   dd
r   eb
r   2aa
r   9
r   3bf
r   7b
r   2a86
r   37d
r   3e5
r   350
r   f7
r   40
r   219
r   20a7
r   c7
r   2b3
r   60
r   37f
r   2c4
r   9c
r   7e
r   172
r   f7
r   1ee
r   296e
r   184
r   bc
r   61
r   34e
r   3ba
r   b9
r   38
r   8f
r   65
r   1c
r   3d7
r   9d
r   1d4
r   2032
r   375
r   3cb
r   2b8
r   347
r   bd
r   212
r   2e
r   9
r   3b8
r   3ad
r   13c
r   12d
r   67
r   359
r   db
r   2f75
r   68
r   118
r   3cd
r   252
r   231
r   bb
r   1b4
r   2e9
r   182
r   2336
r   b
r   3ae
r   149
r   19f
r   3b8
r   1fa
r   2e3
r   21d
r   6c
r   1b9
r   1da
r   130
r   393
r   134
r   7d
r   3cb
r   fa
r   98
r   137
r   75
r   c9
r   20d
r   6f
r   313
r   14c
r   150
r   3b
r   26ba
r   146
r   1e
r   357
r   31d
r   25d
r   34f
r   176
r   28e
r   2528
r   3d6
r   264
r   11f
r   298
r   14b
r   30a
r   2158
r   1f4
r   2d2
r   21f
r   275e
r   2b4
r   1ec
r   339
r   1e2
r   22
r   107
r   2b4
r   1cd
r   3d3
r   257
r   b5
r   35
r   246
r   f8
r   11
r   22bf
r   2c5
r   c3
r   14c
r   12b
r   3c2
r   21b
r   330
r   90
r   2eb
r   2ea
r   286b
r   1dc
r   2a9
r   3a9
r   36b
r   32b
r   10
r   7e
r   28b
r   84
r   10
r   332
r   1a7
r   34c
r   25
r   29d
r   145
r   106
r   38b
r   2a4f
r   30e
r   1c2
r   20a
r   347
r   7c
r   347
r   105
r   23d
r   de
r   9d
r   224
r   32f
r   28c
r   262
r   dc
r   2a5a
r   162
r   1c5
r   bf
r   102
r   32
r   2e2
r   75
r   17a
r   2967
r   f2
r   229
r   2e22
r   2d0
r   26e
r   64
r   25c
r   27c
r   3a2
r   17a
r   2cf
r   174
r   34c
r   39e
r   287
r   2e7
r   382
r   137
r   28c
r   b3
r   1a0
r   264
r   237d
r   f8
r   337
r   3e
r   70
r   15
r   f7
r   9f
r   1e2
r   130
r   2042
r   153
r   6b
r   3a7
r   3ca
r   10d
r   4c
r   b7
r   152
r   335
r   2b1
r   168
r   1d8
r   1b2
r   2a5
r   2b1
r   29d
r   2c65
r   80
r   1cd
r   2e
r   24
r   f0
r   a5
r   20f1
r   2e6
r   244
r   18e
r   203a
r   de
r   1ed
r   a4
r   128
r   1d4
r   25f
r   69
r   2d24
r   97
r   2f0
r   b1
r   28a
r   380
r   15e
r   36f
r   1a0
r   3ca
r   30f
r   43
r   28b2
r   355
r   ff
r   2670
r   168
r   2554
r   35f
r   1d4
r   23e1
r   7c
r   2492
r   14
r   369
r   146
r   269
r   3b0
r   18f
r   3ac
r   1c3
r   180
r   25d
r   1a2
r   2ec
r   28e
r   14e
r   2b5
r   aa
r   343
r   392
r   10
r   81
r   195
r   2602
r   159
r   3dd
r   256
r   2e8
r   1d2
r   53
r   ec
r   208b
r   eb
r   b0
r   3b
r   320
r   36d
r   359
r   341
r   24f
r   3c0
r   169
r   6b
r   223
r   e3
r   20e
r   2cd
r   ab
r   20c
r   3e
r   3e
r   104
r   2e0
r   2002
r   239
r   3b1
r   18c
r   6
r   231
r   18b
r   3e2
r   372
r   3b2
r   260d
r   25b
r   f8
r   367
r   e8
r   132
r   3ba
r   37a
r   24e5
r   b7
r   2c3
r   3da
r   3bc
r   271
r   262
r   2a9
r   10f
r   29cf
r   d0
r   210
r   34e
r   393
r   51
r   1cd
r   3c4
r   1fa
r   7e
r   59
r   163
r   2d4
r   1b1
r   2b3
r   356
r   354
r   68
r   234e
r   3b6
r   71
r   23f
r   394
r   28b
r   2f5
r   1cc
r   34b
r   200
r   11b
r   2063
r   362
r   1b8
r   1e6
r   1e7
r   19
r   f5
r   97
r   5d
r   268
r   349
r   65
r   2fb
r   8e
r   301
r   25e
r   104
r   1f8
r   fa
r   159
r   11e
r   2307
r   213
r   116
r   14e
r   350
r   135
r   30b
r   10b
r   18e
r   2996
r   22f
r   2ea
r   22d5
r   25a
r   3cf
r   23a
r   e7
r   c0
r   b6
r   23e3
r   204
r   c3
r   f7
r   3ce
r   3c6
r   fd
r   332
r   1c8
r   279
r   206
r   1fd
r   1ac
r   2f
r   76
r   2f3f
r   24c
r   304
r   161
r   7d
r   285
r   12
r   ea
r   b3
r   2de
r   20
r   3c5
r   26f2
r   30d
r   2c0
r   28
r   3df
r   73
r   1a3
r   1f6
r   77
r   2e0
r   239c
r   61
r   352
r   17d
r   2d3
r   cd
r   2a5f
r   14f
r   3cd
r   3
r   236
r   295
r   1ef
r   268c
r   3e5
r   93
r   38b
r   33b
r   245
r   278
r   3c6
r   4f
r   18b
r   d2
r   3c
r   39c
r   208
r   56
r   2fe
r   e6
r   2b2
r   13
r   271
r   131
r   36c
r   e1
r   3e4
r   2cd
r   2e7
r   139
r   371
r   244
r   35c
r   25b
r   21a
r   5f
r   2dea
r   72
r   21b
r   21a
r   24a6
r   33b
r   2e0
r   2ab
r   236
r   2dd
r   245
r   1d5
r   f
r   215
r   267c
r   1a7
r   6b
r   1a6
r   ec
r   217
r   2fb
r   259
r   2716
r   308
r   26c
r   384
r   23e
r   140
r   15c
r   4c
r   292
r   290
r   c4
r   24b
r   263f
r   385
r   175
r   2df
r   1c7
r   66
r   209
r   215
r   12
r   223
r   43
r   34a
r   2764
r   11b
r   19a
r   13f
r   fa
r   28ca
r   38c
r   393
r   3c9
r   381
r   163
r   364
r   3e5
r   100
r   4
r   83
r   3d0
r   1e1
r   311
r   2f74
r   87
r   e2
r   1d6
r   2674
r   1d2
r   2d6
r   3c7
r   85
r   3ca
r   1a9
r   1b
r   fd
r   3d3
r   216
r   362
r   7d
r   326
r   30
r   9e
r   2894
r   3d0
r   39b
r   30d
r   1d8
r   146
r   2e9
r   277
r   35e
r   35a
r   1b
r   135
r   94
r   359
r   214
r   159
r   256
r   3c8
r   294
r   e5
r   2cd
r   1b8
r   a4
r   156
r   235
r   336
r   23f
r   123
r   3c7
r   22f
r   386
r   28d
r   262a
r   3ce
r   24e
r   25b
r   319
r   364
r   2a3
r   12e
r   358
r   36c
r   1ae
r   5c
r   146
r   40
r   1f0
r   b7
r   fb
r   4a
r   e8
r   26d
r   21c
r   151
r   30c
r   26d
r   34e
r   56
r   d1
r   2855
r   377
r   226
r   3cc
r   f8
r   2d92
r   2f5
r   29b
r   1a7
r   2cf
r   81
r   373
r   2030
r   358
r   f6
r   3d9
r   10b
r   167
r   3df
r   db
r   1e4
r   11c
r   2788
r   1e
r   28de
r   1c6
r   2f95
r   301
r   218d
r   28c
r   231d
r   1fd
r   2b
r   37e
r   342
r   14d
r   2f1
r   230
r   1af
r   0
r   294
r   47
r   2b15
r   18a
r   3be
r   14
r   358
r   1d8
r   d5
r   b
r   369
r   208
r   20d
r   305
r   221
r   252
r   a5
r   3e
r   32e
r   46
r   3b6
r   26c8
r   326
r   2de8
r   39b
r   3b7
r   d
r   2c3
r   185
r   3e7
r   1da
r   14
r   b8
r   18e
r   3d8
r   2bf
r   2b2
r   1f0
r   a4
r   152
r   3a7
r   176
r   21d1
r   51
r   ce
r   340
r   8c
r   2e5
r   109
r   2907
r   360
r   e4
r   174
r   39c
r   158
r   2d02
r   22
r   2a39
r   143
r   10d
r   2d07
r   1c6
r   0
r   44
r   170
r   195
r   318
r   351
r   129
r   1e3
r   2d
r   390
r   182
r   2cd
r   26e
r   270
r   132
r   6e
r   2cd
r   2c4f
r   1b5
r   38d
r   345
r   110
r   273
r   30f
r   315
r   2454
r   273
r   37
r   11e
r   29c
r   1b8
r   2b5
r   3d9
r   1b1
r   c7
r   18e
r   29a
r   f5
r   163
r   2c1e
r   227
r   3ae
r   2f6
r   2ca
r   9e
r   7b
r   218
r   1d2
r   313
r   df
r   1ab
r   1a
r   22cf
r   2f2
r   26
r   154
r   27dc
r   1d7
r   29f
r   132
r   25
r   1e1
r   24e
r   139
r   327
r   27c
r   50
r   1b4
r   a7
r   35c
r   221
r   359
r   14e
r   77
r   107
r   2e7
r   263b
r   240
r   219
r   33d
r   2f1
r   245
r   2ca
r   23c
r   203
r   21
r   271
r   f2
r   218a
r   39b
r   2f0
r   230
r   346
r   1a8
r   18c
r   b8
r   7a
r   2112
r   102
r   3ce
r   39
r   106
r   36a
r   96
r   385
r   188
r   128
r   253
r   301
r   398
r   352
r   294
r   2fc
r   2331
r   176
r   317
r   7c
r   333
r   35b
r   293d
r   148
r   106
r   3e3
r   27d4
r   3ae
r   305
r   146
r   f7
r   105
r   54
r   3c0
r   1fe
r   f
r   59
r   c9
r   263c
r   396
r   38c
r   2806
r   ff
r   3a
r   351
r   3b2
r   311
r   1f0
r   2b1
r   2b1a
r   1
r   2548
r   69
r   152
r   3b0
r   34f
r   329
r   99
r   372
r   2311
r   124
r   3da
r   100
r   3c4
r   a
r   1eb
r   cd
r   14d
r   3b6
r   257
r   183
r   2e6f
r   118
r   36b
r   3e1
r   221
r   2579
r   357
r   245
r   277
r   391
r   104
r   3a8
r   258
r   4e
r   2c8
r   2ef
r   248f
r   31e
r   333
r   366
r   1af
r   127
r   10e
r   76
r   2eb
r   3e6
r   114
r   1e
r   2c3
r   ac
r   2cc
r   168
r   171
r   fc
r   2889
r   7a
r   268
r   15f
r   a0
r   10f
r   237
r   37c
r   277b
r   3e7
r   168
r   2e
r   13b
r   56
r   11a
r   21b
r   15b
r   9
r   2b4
r   2f3
r   3b
r   1d5
r   8d
r   c6
r   17
r   34c
r   ff
r   10c
r   164
r   3b6
r   201
r   20d
r   2f4d
r   216
r   262
r   173
r   34c
r   275
r   2987
r   5a
r   2e09
r   1d1
r   1b5
r   358
r   21d6
r   30a
r   b0
r   1b
r   24fa
r   388
r   c0
r   25ee
r   9a
r   379
r   1a3
r   3af
r   3d2
r   3cd
r   353
r   168
r   2d66
r   188
r   d1
r   33
r   328
r   394
r   3e3
r   273e
r   202
r   30d
r   240
r   126
r   1da
r   101
r   34b
r   16
r   a1
r   3b4
r   d
r   56
r   379
r   114
r   af
r   9f
r   15f
r   2ed4
r   117
r   1bb
r   13f
r   2f9
r   38f
r   1ec
r   17e
r   19f
r   136
r   358
r   2182
r   24
r   154
r   2aa
r   25c
r   318
r   139
r   223
r   134
r   241
r   20e
r   10f
r   215
r   2eb0
r   12f
r   101
r   24e4
r   284
r   c6
r   6f
r   343
r   10a
r   333
r   3c8
r   2ec
r   3d6
r   37
r   1dc
r   355
r   256
r   299
r   24c7
r   b1
r   db
r   3d7
r   344
r   2e6
r   1e3
r   4b
r   2b2
r   a2
r   80
r   26be
r   27c
r   194
r   1e
r   326
r   376
r   e1
r   258
r   7
r   8b
r   382
r   3a
r   1d6
r   296
r   153
r   2e8
r   3b
r   c8
r   23d
r   a9
r   276
r   71
r   4f
r   1ff
r   dd
r   e
r   18d
r   1bb
r   f9
r   343
r   317
r   78
r   251f
r   140
r   ec
r   bb
r   375
r   51
r   1b
r   3bc
r   2cf
r   33f
r   26ac
r   388
r   3a0
r   1bb
r   5e
r   157
r   54
r   377
r   f3
r   282
r   1c
r   284
r   268
r   2ade
r   1b2
r   2e5
r   34
r   209
r   2d9
r   1e1
r   1d9
r   bc
r   2c4f
r   c2
r   25e
r   1a6
r   288
r   2345
r   284
r   1c6
r   3a
r   289
r   1f9
r   3b8
r   5b
r   196
r   20f
r   27f
r   110
r   38d
r   2ed
r   3ce
r   15b
r   342
r   35
r   2083
r   6f
r   26f4
r   106
r   341
r   2fd
r   f8
r   1f1
r   2f2
r   1ea
r   118
r   3a2
r   1c3
r   17a
r   2bda
r   d4
r   57
r   3d1
r   2dd
r   32c
r   3af
r   24c
r   3d3
r   2cd
r   da
r   255
r   1e6
r   20f
r   1f8
r   f5
r   aa
r   1f5
r   297
r   327
r   24c
r   dc
r   15d
r   18f
r   28e0
r   74
r   1ea
r   2e0
r   a1
r   3c5
r   3ad
r   112
r   10f
r   1c0
r   2eb
r   2af
r   363
r   44
r   168
r   31d
r   25dc
r   109
r   3de
r   2deb
r   1ad
r   160
r   1e3
r   350
r   251
r   34a
r   0
r   2a0
r   315
r   2ba
r   3a9
r   1b6
r   62
r   2c0
r   119
r   c1
r   62
r   328
r   21f
r   153
r   80
r   372
r   33a
r   32f
r   1be
r   339
r   39b
r   336
r   22a
r   28c
r   20a
r   f9
r   5f
r   ca
r   42
r   1df
r   30a
r   2a2
r   10c
r   23d
r   2c3
r   2d79
r   276
r   10f
r   110
r   8
r   140
r   3c
r   28d
r   1ef
r   377
r   7c
r   367
r   1cb
r   69
r   2f1
r   8
r   26d
r   de
r   3e3
r   2a
r   131
r   231
r   28f
r   21a
r   35b
r   253
r   d3
r   ad
r   287
r   2cfc
r   191
r   14c
r   1a7
r   1df
r   13d
r   2c5
r   276
r   ea
r   4e
r   ed
r   d
r   370
r   243
r   369
r   2bb
r   39e
r   267a
r   102
r   1b1
r   bc
r   2cb2
r   361
r   2b6b
r   1ef
r   1fd
r   138
r   1af
r   144
r   33d
r   1a
r   fa
r   2c9c
r   6a
r   2a8
r   204
r   c5
r   3a1
r   2ba
r   1cb
r   281
r   1e3
r   165
r   26a
r   336
r   30f
r   31b
r   60
r   f4
r   2a9
r   13e
r   299
r   286
r   205
r   5c
r   16
r   29d
r   110
r   3
r   14c
r   294
r   17
r   1e4
r   247
r   1a
r   5
r   32e
r   234
r   3c9
r   35d
r   19a
r   93
r   2e4
r   232a
r   2e7
r   1ee
r   2cfb
r   13a
r   83
r   2ff
r   370
r   2ac
r   34b
r   104
r   297
r   2349
r   36c
r   25b
r   317
r   353
r   224
r   242
r   362
r   2c5
r   181
r   119
r   1bc
r   1e8
r   10e
r   126
r   2
r   366
r   2dc0
r   339
r   298
r   c0
r   2f8
r   9e
r   164
r   d9
r   95
r   96
r   e2
r   1ba
r   c7
r   22a
r   30f
r   63
r   12f
r   162
r   1e9
r   223
r   24
r   6d
r   1d5
r   266
r   6b
r   23c
r   2b6
r   251
r   31c
r   7a
r   243
r   129
r   353
r   ca
r   2cb6
r   65
r   123
r   32
r   3d3
r   289
r   bc
r   20a
r   32c
r   1d3
r   25
r   b4
r   382
r   26b
r   3bd
r   2ae
r   e5
r   24e
r   129
r   104
r   2d1
r   242
r   1b
r   2adf
r   bf
r   25a
r   17a
r   1ad
r   2333
r   217
r   3b7
r   3e6
r   315
r   309
r   1c4
r   174
r   197
r   145
r   163
r   1b5
r   2768
r   30a
r   319
r   d
r   231
r   6d
r   88
r   e6
r   2e6
r   387
r   265
r   c6
r   5a
r   3
r   0
r   361
r   2a2c
r   3e3
r   2ee
r   3b4
r   41
r   312
r   10d
r   e7
r   1e2
r   28a
r   166
r   1fa
r   307
r   27
r   97
r   1a3
r   2bf
r   3a0
r   26f
r   82
r   16a
r   2b2
r   28f
r   17a
r   29b
r   298d
r   19
r   3b8
r   348
r   324
r   25e
r   a6
r   3bf
r   e8
r   22d
r   f6
r   af
r   280
r   2492
r   392
r   293
r   26c
r   137
r   2f9
r   36e
r   211
r   ae
r   1b8
r   5f
r   165
r   2cd2
r   aa
r   370
r   26d
r   357
r   313
r   9a
r   44
r   20
r   174
r   278
r   3dd
r   2fa
r   2ba
r   2b35
r   1a7
r   51
r   78
r   2632
r   331
r   1cb
r   290
r   78
r   2140
r   21c
r   2c0
r   92
r   39f
r   322
r   c9
r   eb
r   95
r   2e7
r   2cc
r   303
r   2a8
r   72
r   284
r   b2
r   181
r   244
r   16d
r   fe
r   a6
r   b5
r   150
r   a1
r   1aa
r   44
r   77
r   31e
r   33b
r   359
r   3d2
r   116
r   1c9
r   325
r   3a9
r   1d2
r   1d3
r   337
r   19f
r   280
r   250
r   151
r   384
r   d6
r   2ef
r   c7
r   32a
r   31d
r   22b0
r   25a
r   3d1
r   265
r   1e0
r   100
r   1c
r   113
r   378
r   38f
r   375
r   a5
r   95
r   a4
r   2ef
r   1c
r   22
r   206
r   3e3
r   1bc
r   2e7
r   1ce
r   3e4
r   2b9
r   2d2
r   343
r   166
r   39c
r   2b7e
r   1b8
r   2d
r   337
r   ac
r   11f
r   98
r   3d4
r   a1
r   1b9
r   17d
r   14e
r   fc
r   1c5
r   28d
r   1e7
r   64
r   134
r   42
r   393
r   3a8
r   1a7
r   26c
r   1a3
r   314
r   21a2
r   aa
r   2f1
r   3e3
r   f1
r   35
r   2416
r   397
r   2146
r   e3
r   189
r   231
r   287
r   197
r   2df
r   1fb
r   12f
r   2a4f
r   1d9
r   2e8
r   1ca
r   356
r   226
r   1a0
r   2f3
r   30
r   1e7
r   13b
r   197
r   36e
r   206
r   2
r   2b8
r   2da
r   b9
r   86
r   143
r   200d
r   369
r   1ad
r   2be
r   2e7
r   293
r   7a
r   38d
r   169
r   307
r   2f7
r   322
r   3b4
r   173
r   329
r   1c3
r   217c
r   2a4
r   32a
r   31f
r   1d2
r   3e1
r   2aa9
r   1dc
r   27a
r   152
r   250
r   273
r   11b
r   46
r   37
r   2945
r   1fa
r   2ac1
r   216
r   233
r   116
r   4b
r   f3
r   265
r   14a
r   22d
r   168
r   1d6
r   381
r   10b
r   6f
r   c7
r   b4
r   ed
r   3c
r   3cc
r   257a
r   2f
r   285
r   21c
r   1dd
r   24fa
r   1f2
r   2ad8
r   3c8
r   19
r   1cb
r   b8
r   380
r   139
r   28d1
r   1b
r   2fa
r   3a5
r   2ef
r   2872
r   382
r   2b3f
r   178
r   21fa
r   36a
r   27a
r   3a9
r   2b63
r   18c
r   1c3
r   25d
r   c2
r   2d8
r   17e
r   39d
r   8
r   20f
r   39e
r   2f2
r   ac
r   2dc8
r   395
r   2d2
r   102
r   25a
r   1b8
r   23d
r   2a5
r   280
r   5e
r   20f
r   1eb
r   120
r   342
r   2ff
r   5c
r   11
r   272
r   35f
r   2d9
r   354
r   3b4
r   51
r   89
r   243
r   cc
r   159
r   16e
r   3c
r   2772
r   b4
r   3e6
r   2c2
r   b9
r   366
r   2f26
r   2af
r   190
r   2bb
r   3c4
r   38a
r   304
r   162
r   29cd
r   2d1
r   239
r   16a
r   262
r   295
r   2cf
r   1d2
r   10c
r   274
r   2e8
r   251
r   243
r   1e3
r   102
r   b5
r   326
r   218
r   af
r   33d
r   3c2
r   2c56
r   2a9
r   270
r   3bd
r   25a
r   1a1
r   1bd
r   94
r   33e
r   346
r   9c
r   11e
r   2997
r   e
r   2c1
r   4b
r   2ae
r   2bd
r   d2
r   2ad
r   116
r   12d
r   14e
r   3e4
r   1de
r   1c8
r   7f
r   f5
r   b5
r   33b
r   327
r   38b
r   348
r   20dd
r   193
r   102
r   393
r   24b
r   342
r   6f
r   2ca
r   104
r   232
r   10d
r   a8
r   277
r   28
r   12
r   4e
r   6c
r   3c7
r   77
r   da
r   15d
r   3ae
r   2f10
r   290
r   74
r   1ca
r   12e
r   26e
r   f5
r   240
r   18f
r   108
r   2622
r   61
r   281
r   3a3
r   39c
r   2107
r   362
r   77
r   3dc
r   38c
r   151
r   2d54
r   3c0
r   9
r   2a2
r   5d
r   6c
r   3b
r   368
r   21a6
r   9b
r   15a
r   ae
r   20f
r   1b8
r   210
r   139
r   38e
r   b1
r   56
r   2aa
r   2524
r   333
r   29bb
r   36e
r   2cb
r   2d2a
r   366
r   44
r   f
r   b8
r   1a9
r   344
r   2cd
r   24
r   247
r   371
r   2d7
r   7a
r   229
r   308
r   2a8
r   367
r   260b
r   3ab
r   232
r   2e7
r   15e
r   3a
r   d9
r   360
r   18e
r   f5
r   3db
r   2a6
r   29a
r   295
r   2a3
r   26
r   10a
r   2470
r   b4
r   370
r   3bd
r   32c
r   254
r   129
r   2bd2
r   22e
r   e7
r   13f
r   1af
r   389
r   99
r   2714
r   21f
r   1ae
r   126
r   1e0
r   16d
r   102
r   2c97
r   356
r   369
r   218
r   2d5
r   148
r   1d
r   17d
r   cc
r   362
r   30e
r   96
r   29f
r   348
r   1df
r   2af7
r   169
r   e
r   4e
r   197
r   38a
r   be
r   22c
r   23
r   1f9
r   3c
r   38
r   178
r   1cc
r   ff
r   140
r   a9
r   5b
r   228
r   2cc
r   1f
r   347
r   114
r   20a
r   3ad
r   2b79
r   1
r   159
r   2ba5
r   71
r   2337
r   170
r   8f
r   85
r   31
r   51
r   2ab0
r   189
r   2c6
r   ae
r   3d3
r   1
r   1ad
r   112
r   3dc
r   2d0
r   29b
r   336
r   26
r   2c2c
r   d7
r   310
r   18f
r   202a
r   161
r   2a43
r   20f
r   2a2e
r   240
r   36f
r   234
r   2e8
r   399
r   6
r   2007
r   b4
r   18d
r   2bdf
r   265
r   af
r   37d
r   290
r   115
r   7d
r   f2
r   1d7
r   19b
r   14a
r   124
r   3cb
r   220
r   2d97
r   333
r   318
r   2b5
r   182
r   33a
r   13b
r   2c7
r   226
r   349
r   54
r   f
r   3e4
r   2fc
r   34e
r   1ef
r   f6
r   101
r   20e
r   3cc
r   3c1
r   22ba
r   114
r   19a
r   7d
r   44
r   6b
r   1c0
r   2052
r   143
r   2aa
r   1cd
r   33
r   c4
r   2ea2
r   4a
r   46
r   113
r   25
r   94
r   1ab
r   336
r   2c2
r   3a6
r   d4
r   33e
r   32
r   2d0
r   257b
r   1ac
r   19f
r   cb
r   f5
r   28c
r   243
r   3c6
r   14e
r   229
r   289
r   74
r   2f
r   3d9
r   217
r   19
r   5c
r   f3
r   3d4
r   ec
r   3dc
r   2413
r   398
r   169
r   82
r   cc
r   259
r   30c
r   1b6
r   5e
r   320
r   79
r   36c
r   35e
r   22b
r   3cc
r   289
r   20f
r   168
r   23c
r   348
r   1fb
r   a8
r   2f3d
r   25f
r   3e3
r   39
r   338
r   28f
r   21a
r   251a
r   c7
r   316
r   117
r   302
r   cd
r   1e2
r   1d8
r   be
r   2ba6
r   1bc
r   ef
r   3b6
r   da
r   144
r   20e
r   268
r   19e
r   23cf
r   267
r   285
r   f9
r   2050
r   53
r   2de0
r   309
r   221
r   24a
r   15e
r   1bf
r   f4
r   2a2
r   25ac
r   f1
r   27d
r   1a0
r   10e
r   3c2
r   273
r   1b8
r   2fc
r   348
r   379
r   1ed
r   12e
r   341
r   74
r   2a7
r   35b
r   2400
r   351
r   1b8
r   225
r   80
r   1bd
r   15c
r   199
r   2bc
r   3a6
r   a1
r   3b9
r   1f9
r   1f5
r   27d
r   7c
r   32f
r   1e4
r   1eb
r   1aa
r   3ad
r   267
r   53
r   2af
r   2b4
r   1b3
r   286
r   24f
r   15a
r   1a0
r   eb
r   37c
r   28a9
r   178
r   3c
r   1b3
r   37
r   3e6
r   2e6
r   2e0
r   1a3
r   139
r   163
r   238
r   190
r   113
r   257
r   274
r   2e0
r   293
r   1d6
r   213
r   69
r   39e
r   2a30
r   e
r   1c
r   2e7
r   1af
r   116
r   29f4
r   282
r   27c
r   1b4
r   f3
r   3cc
r   2a0
r   2bd
r   29f
r   54
r   166
r   3c3
r   49
r   213
r   336
r   203c
r   70
r   2bf
r   d8
r   331
r   37c
r   325
r   d
r   c8
r   3cf
r   2e44
r   114
r   2b9
r   d1
r   3d7
r   389
r   305
r   10d
r   174
r   2df2
r   29d
r   192
r   a0
r   2fd
r   1ff
r   5d
r   1b
r   72
r   93
r   292
r   2b1
r   36e
r   20c
r   73
r   238
r   31f
r   2f60
r   ca
r   60
r   10d
r   270
r   42
r   3c5
r   3a1
r   297
r   48
r   1d
r   203
r   15b
r   3df
r   117
r   178
r   2d
r   22d5
r   1ed
r   15a
r   29c
r   375
r   fa
r   2fb
r   1a0
r   2e0
r   30c
r   238
r   102
r   3e6
r   106
r   392
r   1f8
r   d1
r   378
r   330
r   220
r   2e6
r   1c7
r   32a
r   261
r   115
r   1c9
r   2ec
r   b4
r   fe
r   ce
r   2f56
r   3e
r   1e8
r   fd
r   e4
r   124
r   ff
r   2e1
r   f9
r   2d2
r   24e
r   3bd
r   d4
r   29f
r   277
r   365
r   188
r   364
r   2156
r   1d9
r   39a
r   111
r   f2
r   126
r   3c1
r   4e
r   226
r   1a3
r   69
r   2c9
r   30b
r   27d
r   23b
r   247f
r   324
r   3d0
r   219
r   39
r   cd
r   184
r   53
r   3de
r   381
r   3c3
r   155
r   4
r   2b4a
r   b7
r   20d
r   14
r   22e
r   4
r   ac
r   190
r   20c
r   6
r   25d
r   30b
r   25b
r   71
r   165
r   382
r   1d3
r   396
r   bc
r   2944
r   62
r   178
r   62
r   222
r   dc
r   2d3
r   2a1
r   8d
r   2a8
r   11f
r   d9
r   339
r   2ab
r   133
r   97
r   2f
r   36b
r   18b
r   1d7
r   29
r   9
r   195
r   c1
r   358
r   197
r   99
r   8
r   27dd
r   2b3
r   2a0
r   5c
r   75
r   90
r   59
r   2cc
r   35f
r   2187
r   3d3
r   1a9
r   1a0
r   67
r   1a9
r   31f
r   3aa
r   33c
r   344
r   2a4
r   f
r   25a
r   20a3
r   1a8
r   221
r   58
r   26a
r   169
r   15
r   f6
r   1a4
r   15c
r   91
r   182
r   15d
r   2f5
r   28c
r   2d51
r   390
r   b9
r   29ed
r   1d8
r   1dd
r   3a6
r   24a
r   21a
r   358
r   2bdf
r   cc
r   b8
r   ff
r   1a1
r   17
r   220
r   152
r   1f2
r   31
r   15c
r   365
r   298
r   179
r   3b6
r   20b3
r   104
r   2df
r   312
r   58
r   39d
r   21ab
r   1f6
r   11a
r   22ad
r   30c
r   2df
r   2c7
r   189
r   1e1
r   370
r   1cb
r   150
r   2c
r   228
r   243
r   224b
r   1f9
r   16e
r   c9
r   c7
r   30c
r   3cd
r   272
r   2b9
r   277f
r   ce
r   4c
r   9b
r   2e1
r   343
r   56
r   11a
r   110
r   187
r   1c7
r   33e
r   ac
r   29b
r   2d2
r   20e
r   179
r   10b
r   18e
r   d9
r   146
r   308
r   ac
r   1b6
r   299
r   4b
r   dd
r   206
r   1
r   23d
r   3e4
r   117
r   b8
r   b3
r   2a1
r   1a5
r   99
r   73
r   3c0
r   301
r   57
r   1c1
r   2d7d
r   3c8
r   327
r   3d2
r   1f6
r   2c5a
r   e3
r   3c
r   fc
r   1fb
r   1b4
r   2df6
r   388
r   216
r   6b
r   380
r   3c1
r   6d
r   139
r   313
r   97
r   4a
r   364
r   22d6
r   273
r   32b
r   13d
r   2ed2
r   f3
r   30c
r   299
r   281
r   380
r   1d6
r   eb
r   112
r   1ac
r   297
r   5b
r   37e
r   9f
r   3d4
r   cf
r   57
r   2d6c
r   dc
r   2c1e
r   1cc
r   10
r   b0
r   2c9
r   26e
r   1b2
r   75
r   2770
r   230
r   96
r   1ed
r   3d
r   37f
r   241
r   30e
r   116
r   261
r   2644
r   3c5
r   1bb
r   1b9
r   172
r   334
r   2a5
r   2f
r   e3
r   358
r   be
r   203
r   39c
r   29e
r   34b
r   2ab
r   35f
r   255d
r   132
r   32e
r   192
r   f8
r   47
r   281
r   387
r   123
r   137
r   26
r   231
r   366
r   1be
r   13e
r   3e0
r   363
r   2be
r   4f
r   1ab
r   2b9
r   28b
r   2f5c
r   38b
r   df
r   21db
r   35d
r   2a73
r   1a6
r   381
r   dd
r   2d7
r   172
r   e7
r   64
r   1c4
r   2c
r   25d
r   87
r   1da
r   1cc
r   2720
r   11f
r   3e4
r   2ad
r   d3
r   3e0
r   336
r   138
r   3ac
r   18
r   34a
r   2641
r   3cd
r   8f
r   ba
r   1f6
r   13
r   11d
r   2a2
r   2f80
r   1bd
r   3f
r   191
r   92
r   32a
r   2ee
r   283
r   2ff
r   396
r   183
r   34b
r   371
r   2d8
r   1de
r   24a
r   14b
r   37a
r   335
r   3d7
r   2c4
r   36
r   214c
r   32
r   1c3
r   2a1
r   22
r   12f
r   3a4
r   337
r   146
r   1ae
r   205
r   287
r   27b
r   f7
r   15e
r   169
r   2434
r   19b
r   20f
r   3ac
r   1bc
r   122
r   39c
r   16a
r   1d1
r   c6
r   42
r   dd
r   3e7
r   3a1
r   d5
r   29b
r   66
r   3e1
r   1e9
r   3c9
r   39d
r   1d8
r   22ee
r   342
r   20d7
r   17f
r   315
r   215
r   21e4
r   374
r   2fd
r   259e
r   316
r   a3
r   120
r   36a
r   5a
r   2c6
r   1c6
r   d9
r   171
r   2ebb
r   68
r   230
r   3b2
r   26ce
r   33e
r   1fb
r   20e9
r   12a
r   2ed
r   206
r   1a0
r   15b
r   2c6
r   42
r   11c
r   265
r   18a
r   375
r   3d0
r   36d
r   d
r   242
r   102
r   267
r   1a3
r   390
r   84
r   31f
r   2a7
r   1b7
r   bf
r   8c
r   7a
r   f4
r   231
r   332
r   1f1
r   3c0
r   271
r   2fa
r   19c
r   3a7
r   27f
r   5b
r   228f
r   212
r   34f
r   7d
r   39
r   17c
r   1a0
r   146
r   15f
r   28e
r   33
r   365
r   2b9
r   2df
r   ef
r   25
r   33d
r   37e
r   355
r   32c
r   243
r   302
r   18e
r   2b1
r   20b
r   d0
r   275
r   4e
r   2a5
r   111
r   152
r   2721
r   a7
r   47
r   1b2
r   8
r   176
r   1d3
r   3b7
r   19b
r   317
r   265
r   2e0
r   93
r   47
r   2b0
r   28b
r   2c5c
r   aa
r   24b
r   16e
r   2d6
r   2f5
r   ea
r   246
r   237a
r   3db
r   15d
r   293b
r   55
r   35e
r   41
r   21d
r   212
r   398
r   2eef
r   1fc
r   21d
r   318
r   0
r   bf
r   6
r   49
r   153
r   3b2
r   35c
r   394
r   166
r   fe
r   145
r   23
r   142
r   1bc
r   8a
r   ac
r   200c
r   2cb
r   12
r   2573
r   2cc
r   aa
r   99
r   2cea
r   1a6
r   298
r   15d
r   21f
r   2876
r   239
r   3d
r   59
r   25a
r   2b1
r   2a8
r   3d9
r   2f7
r   21c
r   2cb
r   137
r   1d4
r   186
r   6b
r   e4
r   14f
r   b5
r   203
r   3b3
r   ec
r   2dc
r   160
r   2e7e
r   1cf
r   25a
r   bf
r   37
r   74
r   3bb
r   399
r   17e
r   248c
r   374
r   391
r   2e1
r   204
r   c9
r   252
r   17
r   171
r   38b
r   151
r   369
r   178
r   35a
r   2a30
r   2af
r   21c
r   94
r   2fc
r   187
r   1a0
r   212
r   297
r   188
r   9e
r   e3
r   36c
r   1f1
r   2f16
r   b8
r   188
r   2a3
r   25
r   9d
r   283
r   1b3
r   1d9
r   1f7
r   a7
r   24a
r   1c1
r   42
r   160
r   39b
r   2ff
r   337
r   25c
r   209
r   2da
r   2e64
r   175
r   77
r   230
r   c9
r   8f
r   154
r   28f6
r   331
r   2cf
r   25a
r   28c
r   66
r   e9
r   2a7
r   2bb
r   89
r   86
r   1f7
r   89
r   181
r   26d
r   2630
r   fc
r   191
r   253
r   2cb7
r   ee
r   148
r   257b
r   232
r   1b2
r   25a9
r   34b
r   340
r   2de
r   a2
r   206
r   2fa
r   1e1
r   2e7
r   63
r   3b9
r   3
r   3b5
r   373
r   f6
r   8a
r   52
r   308
r   136
r   251a
r   338
r   338
r   1ef
r   22d
r   19b
r   285
r   364
r   a3
r   3c8
r   286
r   5d
r   32a
r   169
r   1e7
r   1c6
r   3a5
r   2da
r   162
r   1a9
r   304
r   33b
r   3e3
r   1b5
r   32a
r   5
r   4e
r   2c0f
r   f0
r   320
r   289
r   1e6
r   2c9
r   2d9
r   1d7
r   3b7
r   1af
r   232
r   87
r   3de
r   303
r   3
r   b1
r   29a
r   267
r   322
r   f5
r   2650
r   136
r   2b9
r   e3
r   1b4
r   8c
r   20c
r   2c7
r   2ab
r   100
r   2c7
r   138
r   355
r   2854
r   13f
r   2ed
r   ac
r   e3
r   19f
r   1fc
r   1f5
r   390
r   15b
r   8c
r   281
r   25a1
r   308
r   275
r   1ad
r   333
r   9a
r   297
r   e4
r   2ce2
r   1fd
r   16b
r   277f
r   d8
r   340
r   21c
r   2ec9
r   2d5
r   151
r   230
r   31c
r   1e
r   2d8c
r   128
r   20c
r   357
r   2b
r   266
r   dd
r   6e
r   b1
r   52
r   2c0c
r   363
r   364
r   13a
r   9e
r   4d
r   282d
r   381
r   e5
r   93
r   20f
r   3af
r   17e
r   1de
r   3b9
r   8b
r   4d
r   fe
r   1bb
r   29eb
r   df
r   2
r   1fd
r   226
r   2a4
r   34d
r   cb
r   198
r   7a
r   36e
r   36d
r   69
r   13b
r   206
r   21dc
r   149
r   2bc
r   312
r   326
r   fe
r   105
r   22bd
r   2d7
r   59
r   216
r   19c
r   211
r   28a
r   38a
r   14
r   35a
r   2f1
r   224
r   1ac
r   d1
r   1fb
r   113
r   2fe
r   39b
r   1e9
r   302
r   de
r   21f
r   3df
r   be
r   369
r   d3
r   2b
r   294e
r   1d8
r   3af
r   368
r   70
r   284f
r   1d2
r   2af
r   18b
r   359
r   32d
r   34a
r   c9
r   207
r   311
r   196
r   34b
r   228d
r   358
r   1ea
r   1bc
r   187
r   1a5
r   3c3
r   2d4
r   24b
r   3aa
r   378
r   37d
r   266
r   203a
r   159
r   ef
r   da
r   18c
r   2de
r   62
r   db
r   1cf
r   151
r   111
r   83
r   18f
r   cf
r   2cc
r   1cc
r   379
r   1d2
r   2a89
r   2ac
r   5d
r   32b
r   313
r   8d
r   29b
r   ca
r   13a
r   157
r   19f
r   c0
r   372
r   49
r   24f1
r   e6
r   62
r   1a4
r   174
r   2f91
r   286
r   346
r   2fb
r   b4
r   45
r   14d
r   1e0
r   3a3
r   2ca
r   191
r   1b4
r   172
r   74
r   2f69
r   3ab
r   37
r   29c
r   72
r   304
r   3dc
r   189
r   1a7
r   2e53
r   20c
r   2c
r   23c0
r   1bd
r   2ec
r   65
r   244
r   363
r   305
r   94
r   3a3
r   3b9
r   24a
r   91
r   1e0
r   c2
r   25a4
r   3dc
r   22
r   27c6
r   2fd
r   1c6
r   3ca
r   269
r   102
r   330
r   378
r   14
r   9b
r   1e7
r   266b
r   140
r   345
r   2a68
r   b2
r   2ba
r   162
r   20f
r   2691
r   352
r   12a
r   9d
r   22f
r   119
r   3a7
r   32e
r   3c3
r   379
r   14e
r   67
r   101
r   30
r   ae
r   267
r   221
r   249
r   230
r   24d
r   2a61
r   366
r   3b1
r   3b1
r   295
r   1b1
r   189
r   2ef
r   301
r   2317
r   358
r   28f
r   30f
r   3e0
r   18d
r   1cf
r   19
r   d0
r   1a1
r   65
r   237
r   18a
r   389
r   3c6
r   2403
r   379
r   eb
r   31f
r   78
r   22f3
r   349
r   294
r   57
r   308
r   c1
r   ca
r   1fb
r   9e
r   151
r   1ff
r   19f
r   220
r   7d
r   254e
r   218
r   2c6
r   34b
r   130
r   222
r   274
r   377
r   2b
r   2a9
r   2c
r   356
r   2ed5
r   1fd
r   14f
r   312
r   3a8
r   2bd
r   356
r   86
r   289
r   d3
r   105
r   e7
r   320
r   1d4
r   a1
r   ab
r   387
r   351
r   57
r   193
r   84
r   3c1
r   1c1
r   164
r   2c09
r   237
r   156
r   179
r   2c35
r   34e
r   2702
r   7
r   13e
r   3c0
r   b6
r   56
r   3ba
r   28d
r   2ebe
r   3e0
r   de
r   27dd
r   12f
r   9f
r   3b0
r   1df
r   2de
r   d7
r   347
r   4b
r   374
r   2be
r   1aa
r   30f
r   2972
r   38e
r   275
r   7c
r   1b3
r   322
r   27
r   108
r   309
r   1c
r   ed
r   3b2
r   96
r   1bb
r   3d6
r   3c0
r   366
r   2c76
r   353
r   29a
r   315
r   289
r   99
r   21d
r   335
r   3e1
r   b0
r   3df
r   2f9
r   168
r   371
r   381
r   21
r   bd
r   79
r   53
r   3c8
r   bc
r   80
r   57
r   23fd
r   1b0
r   225
r   152
r   324
r   b2
r   1d6
r   3df
r   2d7
r   292
r   248
r   30
r   ba
r   183
r   265
r   2ea
r   349
r   38e
r   23e
r   2de9
r   2db
r   5c
r   294
r   330
r   25e9
r   39f
r   2d96
r   200
r   36e
r   220
r   62
r   3cf
r   3b6
r   22f8
r   1e1
r   357
r   2f1
r   312
r   1fc
r   3bb
r   1ac
r   328
r   242
r   db
r   204
r   340
r   17c
r   ce
r   3d9
r   2fb
r   259
r   36a
r   22
r   2001
r   37f
r   3bc
r   34
r   3e5
r   3cc
r   14b
r   2867
r   265
r   17e
r   7f
r   2f9d
r   1d1
r   2f8
r   3dd
r   9d
r   2fc
r   30
r   1ba
r   351
r   18f
r   25d
r   342
r   3d7
r   226
r   2cf
r   38a
r   37d
r   30
r   7
r   2df
r   1b5
r   14e
r   1ff
r   c2
r   3ce
r   38e
r   2a6c
r   2e8
r   3
r   42
r   2ed9
r   13a
r   1cd
r   3c
r   234
r   25a
r   248
r   1f7
r   2c9d
r   e
r   1a7
r   175
r   3dc
r   185
r   1d6
r   a7
r   337
r   22b
r   30d
r   23d
r   1f
r   2e0d
r   2aa
r   3dc
r   34f
r   227
r   3e1
r   3cb
r   26a
r   67
r   63
r   366
r   2a0
r   2f36
r   b8
r   9
r   13e
r   244e
r   10b
r   2a6
r   104
r   339
r   7b
r   2319
r   1bf
r   19b
r   154
r   af
r   2b0
r   d4
r   2199
r   18d
r   302
r   e1
r   2f78
r   1ec
r   27f
r   21f0
r   204
r   294
r   2c18
r   1c5
r   14d
r   203
r   2aa
r   2b2d
r   2d2
r   4a
r   13d
r   35b
r   21
r   f9
r   3a0
r   279
r   3d6
r   133
r   8d
r   1bf
r   58
r   1bf
r   2b9
r   3cf
r   18e
r   2d4
r   240
r   323
r   13
r   25b
r   21a
r   148
r   5a
r   363
r   187
r   204
r   14a
r   251
r   2325
r   398
r   22b
r   e3
r   28c9
r   32a
r   35a
r   1de
r   81
r   2f2
r   f1
r   1bd
r   1ac
r   80
r   13
r   24eb
r   3c4
r   2970
r   374
r   143
r   399
r   9e
r   29b
r   109
r   b7
r   362
r   22c
r   86
r   398
r   21d
r   35a
r   20d3
r   1d5
r   2f1
r   2f9
r   231
r   2d1
r   33d
r   af
r   1a6
r   2dd
r   21a
r   2d5
r   9d
r   10e
r   3cb
r   3a1
r   372
r   2f8
r   27c
r   1b3
r   2381
r   9c
r   2d6
r   e8
r   2df
r   16a
r   31b
r   14d
r   37e
r   1a0
r   2de
r   37e
r   2b99
r   285
r   2644
r   279
r   27
r   355
r   f1
r   d4
r   d1
r   2da
r   22c
r   135
r   2687
r   22b
r   1b7
r   184
r   2ff
r   1ef
r   1b8
r   2be6
r   18d
r   245
r   187
r   216
r   288
r   387
r   13
r   24e8
r   2a8
r   2cd0
r   eb
r   2cf
r   2e7
r   36c
r   2e5
r   37e
r   2ae
r   25
r   24dd
r   1ac
r   84
r   1ba
r   11f
r   256
r   4d
r   2449
r   165
r   1c4
r   146
r   2a3
r   289
r   1eb
r   3c2
r   21a
r   95
r   30b
r   10c
r   182
r   1c1
r   31e
r   27d
r   3e5
r   286
r   2ebf
r   3cd
r   1c2
r   3e7
r   12
r   b5
r   26f9
r   214
r   399
r   3e1
r   1d9
r   2e5
r   3ab
r   337
r   13f
r   113
r   26f
r   123
r   355
r   3cc
r   bd
r   25d
r   5
r   8a
r   1c0
r   334
r   d8
r   224
r   64
r   1b4
r   221
r   2e1
r   2b01
r   17c
r   29e
r   1d1
r   2e4
r   33
r   2b2
r   2cf7
r   3c8
r   323
r   266
r   15d
r   36f
r   376
r   23d
r   2da
r   28f
r   2b
r   23a
r   3c6
r   2ae
r   1a4
r   2d
r   24a2
r   16d
r   3de
r   393
r   357
r   250
r   13c
r   246
r   155
r   6b
r   27f
r   a3
r   39d
r   10f
r   3b7
r   145
r   145
r   235
r   c5
r   2564
r   34
r   3cd
r   241
r   3e3
r   39e
r   21e8
r   207
r   1bf
r   1d1
r   235
r   28d
r   36b
r   85
r   16
r   db
r   212
r   26f
r   23c
r   171
r   20
r   1b3
r   3ae
r   358
r   154
r   72
r   199
r   2c36
r   27c
r   263
r   1d9
r   197
r   bf
r   13
r   3a3
r   2c0
r   2989
r   326
r   41
r   215
r   89
r   252
r   1e3
r   2d4
r   158
r   dd
r   0
r   124
r   4a
r   19f
r   3a7
r   71
r   109
r   3bb
r   13
r   25c
r   2ca
r   2c28
r   225
r   344
r   20fb
r   16b
r   88
r   3c6
r   283f
r   188
r   36f
r   2cf
r   10a
r   140
r   2f1
r   22c
r   3be
r   134
r   b1
r   2ff
r   2cf
r   2d9
r   1fa
r   79
r   38c
r   47
r   12
r   c2
r   3ac
r   20d
r   364
r   120
r   1f1
r   28
r   9d
r   2e8
r   b2
r   17f
r   26d
r   143
r   2d1
r   14
r   378
r   4f
r   50
r   36b
r   25
r   340
r   32f
r   391
r   1f
r   228
r   342
r   f6
r   318
r   151
r   29c
r   3bd
r   39c
r   1b9
r   281
r   292
r   b7
r   2396
r   3e6
r   b7
r   2e9
r   e3
r   1b
r   389
r   293
r   ad
r   34e
r   1e3
r   327
r   224
r   361
r   1d6
r   2f0
r   a6
r   2a2
r   2309
r   304
r   4
r   23a
r   3d8
r   b3
r   243
r   9
r   37b
r   10d
r   10
r   3d5
r   388
r   152
r   18c
r   253
r   da
r   121
r   1be
r   5e
r   2a39
r   271
r   224
r   3ba
r   2f55
r   1a6
r   2411
r   316
r   16
r   3ca
r   42
r   287
r   1e7
r   4d
r   182
r   12d
r   2833
r   53
r   4c
r   1d4
r   291e
r   33e
r   6c
r   1ad
r   b0
r   273
r   36
r   186
r   228
r   31f
r   54
r   11a
r   88
r   334
r   329
r   36b
r   2f2f
r   2c2
r   15c
r   2e1
r   2b9
r   242
r   f2
r   122
r   20f
r   21c0
r   9c
r   3da
r   269d
r   1da
r   361
r   2ad
r   2f5
r   132
r   391
r   3d7
r   25d
r   21e
r   3a4
r   326
r   1b1
r   5f
r   c1
r   db
r   2e8
r   35b
r   23e
r   1c
r   1f5
r   92
r   154
r   300
r   362
r   2080
r   31f
r   11e
r   e8
r   1d5
r   204
r   2ac
r   268
r   2c8
r   12f
r   25d
r   1ce
r   1e5
r   277
r   3e5
r   ba
r   198
r   6a
r   2c7
r   2d29
r   214
r   376
r   bf
r   174
r   2eda
r   3b5
r   2fb
r   233
r   c6
r   2325
r   b6
r   2af2
r   6e
r   1ce
r   253
r   2b65
r   292
r   11f
r   76
r   12a
r   2e1f
r   29e
r   1a2
r   1fe
r   36e
r   6e
r   1da
r   3c3
r   2ce
r   324
r   128
r   324
r   199
r   355
r   376
r   f9
r   3e1
r   1e2
r   252
r   128
r   1a2
r   fe
r   2a2
r   1b6
r   282
r   114
r   3e1
r   1f9
r   c8
r   2c1
r   58
r   3da
r   241
r   c5
r   1cd
r   3e5
r   2a2c
r   25b
r   116
r   2f4b
r   16
r   1fd
r   2069
r   357
r   3c2
r   27a
r   13b
r   2f8
r   3a
r   c7
r   2e7
r   154
r   2d0
r   c0
r   31
r   1ef
r   c4
r   339
r   2ff
r   2119
r   51
r   2cc3
r   2f2
r   154
r   e2
r   3c
r   115
r   94
r   2ab8
r   364
r   120
r   3af
r   26
r   293
r   55
r   1d3
r   1eb
r   22f7
r   2f6
r   2cc
r   209
r   351
r   48
r   59
r   1c0
r   319
r   339
r   27e
r   177
r   3b4
r   14f
r   21e
r   129
r   234
r   1c1
r   29ca
r   142
r   2c3
r   0
r   31
r   3da
r   2ce
r   3b
r   13f
r   21af
r   239
r   1fa
r   326
r   2c5
r   c4
r   35e
r   389
r   2910
r   341
r   3a0
r   265
r   6e
r   233
r   278
r   374
r   2a2
r   369
r   20d
r   1e0
r   346
r   1da
r   96
r   11
r   2090
r   ca
r   2d60
r   183
r   191
r   d6
r   145
r   122
r   1f5
r   244
r   3df
r   358
r   180
r   6f
r   1fe
r   23
r   344
r   51
r   25b
r   65
r   3c5
r   18
r   361
r   22c
r   3d7
r   1bd
r   252
r   1f7
r   2bb
r   37e
r   244
r   58
r   1cc
r   fe
r   3dd
r   303
r   16
r   3b5
r   32d
r   3bd
r   159
r   1dc
r   197
r   3cf
r   129
r   14
r   96
r   285
r   2ba6
r   fb
r   3cc
r   94
r   3d4
r   e3
r   1cc
r   b1
r   30e
r   1b5
r   2b
r   31
r   42
r   2752
r   127
r   214f
r   125
r   2cf6
r   220
r   122
r   22b
r   21e3
r   ca
r   2bf
r   3a8
r   270
r   203
r   90
r   2c6e
r   221
r   258
r   27f
r   eb
r   21c
r   284
r   18
r   24c
r   cf
r   85
r   7e
r   283
r   2ebc
r   2ca
r   341
r   1e8
r   194
r   3c7
r   37c
r   9f
r   6b
r   d7
r   99
r   84
r   3c
r   23a
r   22
r   73
r   8a
r   143
r   27
r   2b
r   40
r   2d27
r   134
r   20e
r   25
r   1be
r   327
r   42
r   2c8
r   32e
r   290
r   28fa
r   191
r   207f
r   4c
r   a7
r   184
r   130
r   149
r   2a8
r   34c
r   35e
r   28b
r   3ad
r   391
r   2b3
r   345
r   103
r   65
r   3c7
r   273
r   301
r   1c0
r   76
r   2187
r   97
r   24b
r   24af
r   e5
r   dd
r   2794
r   86
r   277
r   16d
r   1d9
r   310
r   333
r   2de
r   53
r   6a
r   23c
r   384
r   39d
r   3af
r   44
r   2ba
r   206b
r   b8
r   2e3
r   29b3
r   1a6
r   2b0
r   2ab
r   207
r   a5
r   366
r   6f
r   35b
r   365
r   ca
r   265
r   2534
r   297
r   1b7
r   14b
r   23b6
r   32f
r   20e
r   9e
r   16a
r   3d2
r   278
r   96
r   15b
r   1cb
r   1f2
r   17e
r   11c
r   307
r   99
r   b5
r   39d
r   3dc
r   353
r   d
r   b1
r   1bd
r   381
r   389
r   135
r   1cd
r   2db
r   10e
r   22d
r   d9
r   174
r   63
r   26d2
r   57
r   255
r   333
r   19b
r   3bf
r   19c
r   1de
r   d8
r   1d6
r   116
r   285
r   df
r   d7
r   19f
r   2e1
r   2c7
r   df
r   203b
r   18b
r   337
r   1e6
r   2a3
r   36a
r   3c1
r   1fa
r   194
r   3d5
r   2ec
r   269
r   318
r   7c
r   285
r   311
r   168
r   340
r   31a
r   243
r   3f
r   359
r   244
r   168
r   378
r   183
r   2ce
r   177
r   2cdb
r   353
r   120
r   2c88
r   3b2
r   2ab4
r   30a
r   377
r   113
r   29cf
r   1b1
r   377
r   3da
r   15e
r   124
r   d7
r   31d
r   2c98
r   1b8
r   288
r   251
r   2a3
r   3b5
r   321
r   fd
r   f8
r   35e
r   163
r   1f8
r   242
r   256
r   3b2
r   330
r   219
r   2a9
r   3da
r   18a
r   2db
r   332
r   373
r   13a
r   21b
r   2
r   194
r   350
r   24d
r   161
r   6f
r   2977
r   289
r   1c8
r   75
r   24cc
r   82
r   39b
r   2bb
r   173
r   122
r   21d
r   9c
r   96
r   118
r   2482
r   3da
r   10a
r   193
r   11f
r   65
r   3ae
r   216
r   25d
r   327
r   22d
r   2d4e
r   333
r   2ba
r   293
r   22ab
r   124
r   345
r   398
r   312
r   2d2
r   376
r   33d
r   35a
r   3a8
r   385
r   243
r   233
r   275
r   23
r   3a8
r   11f
r   370
r   35a
r   3a4
r   33b
r   45
r   b6
r   2766
r   28
r   33f
r   362
r   313
r   1ea
r   131
r   a0
r   37
r   384
r   275
r   1ee
r   d
r   3c1
r   390
r   ca
r   111
r   1e0
r   1c2
r   1f
r   2d7
r   16b
r   3e0
r   286
r   270
r   23
r   114
r   2e2
r   2d5
r   294
r   1ae
r   98
r   1c9
r   328
r   24
r   91
r   40
r   94
r   180
r   1c8
r   2e
r   265
r   2d5
r   13b
r   22f3
r   3cf
r   2601
r   346
r   f1
r   119
r   22a
r   251
r   2311
r   292
r   211d
r   42
r   1b0
r   130
r   2ce
r   98
r   3cd
r   256
r   2703
r   186
r   3d9
r   d3
r   2140
r   265
r   3dd
r   376
r   d8
r   3c
r   2e7
r   35d
r   252b
r   3a3
r   33b
r   3e2
r   2a5
r   1ba
r   18c
r   69
r   3b
r   23c
r   2ff
r   2d9c
r   21d
r   11b
r   2ae
r   31e
r   30a
r   1df
r   28c
r   31a
r   24b
r   5d
r   3c9
r   1cf
r   3a3
r   1f4
r   8
r   200d
r   385
r   128
r   16f
r   5
r   1c5
r   22ea
r   fd
r   290
r   86
r   26c
r   3b9
r   1c4
r   365
r   9
r   108
r   160
r   10f
r   39d
r   2f1
r   2343
